# JRE version: Java(TM) SE Runtime Environment 18.9 (11.0.9+7) (build 11.0.9+7-LTS)
# Java VM: Java HotSpot(TM) 64-Bit Server VM 18.9 (11.0.9+7-LTS, mixed mode, tiered, compressed oops, g1 gc, windows-amd64)
Heap:
 garbage-first heap   total 253952K, used 187008K [0x0000000081e00000, 0x0000000100000000)
  region size 1024K, 6 young (6144K), 2 survivors (2048K)
 Metaspace       used 39540K, capacity 40708K, committed 40960K, reserved 1085440K
  class space    used 4810K, capacity 5283K, committed 5376K, reserved 1048576K
GC Heap History (10 events):
Event: 10.580 GC heap before
{Heap before GC invocations=48 (full 0):
 garbage-first heap   total 210944K, used 167948K [0x0000000081e00000, 0x0000000100000000)
  region size 1024K, 4 young (4096K), 2 survivors (2048K)
 Metaspace       used 39277K, capacity 40391K, committed 40704K, reserved 1085440K
  class space    used 4805K, capacity 5273K, committed 5376K, reserved 1048576K
}
Event: 10.582 GC heap after
{Heap after GC invocations=49 (full 0):
 garbage-first heap   total 210944K, used 168527K [0x0000000081e00000, 0x0000000100000000)
  region size 1024K, 2 young (2048K), 2 survivors (2048K)
 Metaspace       used 39277K, capacity 40391K, committed 40704K, reserved 1085440K
  class space    used 4805K, capacity 5273K, committed 5376K, reserved 1048576K
}
Event: 10.774 GC heap before
{Heap before GC invocations=50 (full 0):
 garbage-first heap   total 210944K, used 185935K [0x0000000081e00000, 0x0000000100000000)
  region size 1024K, 3 young (3072K), 2 survivors (2048K)
 Metaspace       used 39286K, capacity 40397K, committed 40704K, reserved 1085440K
  class space    used 4805K, capacity 5274K, committed 5376K, reserved 1048576K
}
Event: 10.789 GC heap after
{Heap after GC invocations=51 (full 0):
 garbage-first heap   total 210944K, used 181777K [0x0000000081e00000, 0x0000000100000000)
  region size 1024K, 1 young (1024K), 1 survivors (1024K)
 Metaspace       used 39286K, capacity 40397K, committed 40704K, reserved 1085440K
  class space    used 4805K, capacity 5274K, committed 5376K, reserved 1048576K
}
Event: 11.520 GC heap before
{Heap before GC invocations=52 (full 0):
 garbage-first heap   total 210944K, used 185873K [0x0000000081e00000, 0x0000000100000000)
  region size 1024K, 5 young (5120K), 1 survivors (1024K)
 Metaspace       used 39404K, capacity 40608K, committed 40960K, reserved 1085440K
  class space    used 4807K, capacity 5277K, committed 5376K, reserved 1048576K
}
Event: 11.523 GC heap after
{Heap after GC invocations=53 (full 0):
 garbage-first heap   total 253952K, used 183677K [0x0000000081e00000, 0x0000000100000000)
  region size 1024K, 2 young (2048K), 2 survivors (2048K)
 Metaspace       used 39404K, capacity 40608K, committed 40960K, reserved 1085440K
  class space    used 4807K, capacity 5277K, committed 5376K, reserved 1048576K
}
Event: 11.630 GC heap before
{Heap before GC invocations=54 (full 0):
 garbage-first heap   total 253952K, used 169341K [0x0000000081e00000, 0x0000000100000000)
  region size 1024K, 3 young (3072K), 2 survivors (2048K)
 Metaspace       used 39438K, capacity 40632K, committed 40960K, reserved 1085440K
  class space    used 4809K, capacity 5281K, committed 5376K, reserved 1048576K
}
Event: 11.632 GC heap after
{Heap after GC invocations=55 (full 0):
 garbage-first heap   total 253952K, used 169653K [0x0000000081e00000, 0x0000000100000000)
  region size 1024K, 2 young (2048K), 2 survivors (2048K)
 Metaspace       used 39438K, capacity 40632K, committed 40960K, reserved 1085440K
  class space    used 4809K, capacity 5281K, committed 5376K, reserved 1048576K
}
Event: 11.743 GC heap before
{Heap before GC invocations=56 (full 0):
 garbage-first heap   total 253952K, used 188085K [0x0000000081e00000, 0x0000000100000000)
  region size 1024K, 4 young (4096K), 2 survivors (2048K)
 Metaspace       used 39453K, capacity 40644K, committed 40960K, reserved 1085440K
  class space    used 4810K, capacity 5283K, committed 5376K, reserved 1048576K
}
Event: 11.744 GC heap after
{Heap after GC invocations=57 (full 0):
 garbage-first heap   total 253952K, used 182912K [0x0000000081e00000, 0x0000000100000000)
  region size 1024K, 2 young (2048K), 2 survivors (2048K)
 Metaspace       used 39453K, capacity 40644K, committed 40960K, reserved 1085440K
  class space    used 4810K, capacity 5283K, committed 5376K, reserved 1048576K
}

