# JRE version: Java(TM) SE Runtime Environment 18.9 (11.0.9+7) (build 11.0.9+7-LTS)
# Java VM: Java HotSpot(TM) 64-Bit Server VM 18.9 (11.0.9+7-LTS, mixed mode, tiered, compressed oops, g1 gc, windows-amd64)
Heap:
 garbage-first heap   total 231424K, used 170513K [0x0000000081e00000, 0x0000000100000000)
  region size 1024K, 23 young (23552K), 1 survivors (1024K)
 Metaspace       used 42765K, capacity 44047K, committed 44316K, reserved 1087488K
  class space    used 4901K, capacity 5420K, committed 5528K, reserved 1048576K
GC Heap History (10 events):
Event: 11.409 GC heap before
{Heap before GC invocations=73 (full 0):
 garbage-first heap   total 157696K, used 116291K [0x0000000081e00000, 0x0000000100000000)
  region size 1024K, 4 young (4096K), 3 survivors (3072K)
 Metaspace       used 42386K, capacity 43590K, committed 43804K, reserved 1087488K
  class space    used 4895K, capacity 5417K, committed 5528K, reserved 1048576K
}
Event: 11.412 GC heap after
{Heap after GC invocations=74 (full 0):
 garbage-first heap   total 157696K, used 116314K [0x0000000081e00000, 0x0000000100000000)
  region size 1024K, 2 young (2048K), 2 survivors (2048K)
 Metaspace       used 42386K, capacity 43590K, committed 43804K, reserved 1087488K
  class space    used 4895K, capacity 5417K, committed 5528K, reserved 1048576K
}
Event: 12.638 GC heap before
{Heap before GC invocations=75 (full 0):
 garbage-first heap   total 196608K, used 193114K [0x0000000081e00000, 0x0000000100000000)
  region size 1024K, 13 young (13312K), 2 survivors (2048K)
 Metaspace       used 42521K, capacity 43785K, committed 44060K, reserved 1087488K
  class space    used 4899K, capacity 5418K, committed 5528K, reserved 1048576K
}
Event: 12.640 GC heap after
{Heap after GC invocations=76 (full 0):
 garbage-first heap   total 196608K, used 135086K [0x0000000081e00000, 0x0000000100000000)
  region size 1024K, 2 young (2048K), 2 survivors (2048K)
 Metaspace       used 42521K, capacity 43785K, committed 44060K, reserved 1087488K
  class space    used 4899K, capacity 5418K, committed 5528K, reserved 1048576K
}
Event: 13.266 GC heap before
{Heap before GC invocations=76 (full 0):
 garbage-first heap   total 208896K, used 187310K [0x0000000081e00000, 0x0000000100000000)
  region size 1024K, 9 young (9216K), 2 survivors (2048K)
 Metaspace       used 42580K, capacity 43852K, committed 44060K, reserved 1087488K
  class space    used 4900K, capacity 5419K, committed 5528K, reserved 1048576K
}
Event: 13.269 GC heap after
{Heap after GC invocations=77 (full 0):
 garbage-first heap   total 208896K, used 176565K [0x0000000081e00000, 0x0000000100000000)
  region size 1024K, 2 young (2048K), 2 survivors (2048K)
 Metaspace       used 42580K, capacity 43852K, committed 44060K, reserved 1087488K
  class space    used 4900K, capacity 5419K, committed 5528K, reserved 1048576K
}
Event: 13.338 GC heap before
{Heap before GC invocations=77 (full 0):
 garbage-first heap   total 208896K, used 176565K [0x0000000081e00000, 0x0000000100000000)
  region size 1024K, 3 young (3072K), 2 survivors (2048K)
 Metaspace       used 42583K, capacity 43852K, committed 44060K, reserved 1087488K
  class space    used 4900K, capacity 5419K, committed 5528K, reserved 1048576K
}
Event: 13.339 GC heap after
{Heap after GC invocations=78 (full 0):
 garbage-first heap   total 208896K, used 176772K [0x0000000081e00000, 0x0000000100000000)
  region size 1024K, 1 young (1024K), 1 survivors (1024K)
 Metaspace       used 42583K, capacity 43852K, committed 44060K, reserved 1087488K
  class space    used 4900K, capacity 5419K, committed 5528K, reserved 1048576K
}
Event: 13.490 GC heap before
{Heap before GC invocations=79 (full 0):
 garbage-first heap   total 208896K, used 139908K [0x0000000081e00000, 0x0000000100000000)
  region size 1024K, 5 young (5120K), 1 survivors (1024K)
 Metaspace       used 42646K, capacity 43919K, committed 44060K, reserved 1087488K
  class space    used 4901K, capacity 5420K, committed 5528K, reserved 1048576K
}
Event: 13.492 GC heap after
{Heap after GC invocations=80 (full 0):
 garbage-first heap   total 208896K, used 137745K [0x0000000081e00000, 0x0000000100000000)
  region size 1024K, 1 young (1024K), 1 survivors (1024K)
 Metaspace       used 42646K, capacity 43919K, committed 44060K, reserved 1087488K
  class space    used 4901K, capacity 5420K, committed 5528K, reserved 1048576K
}

