# JRE version: Java(TM) SE Runtime Environment 18.9 (11.0.9+7) (build 11.0.9+7-LTS)
# Java VM: Java HotSpot(TM) 64-Bit Server VM 18.9 (11.0.9+7-LTS, mixed mode, tiered, compressed oops, g1 gc, windows-amd64)
Heap:
 garbage-first heap   total 281600K, used 233043K [0x0000000081e00000, 0x0000000100000000)
  region size 1024K, 3 young (3072K), 2 survivors (2048K)
 Metaspace       used 42808K, capacity 44091K, committed 44316K, reserved 1087488K
  class space    used 4901K, capacity 5419K, committed 5528K, reserved 1048576K
GC Heap History (10 events):
Event: 12.305 GC heap before
{Heap before GC invocations=66 (full 0):
 garbage-first heap   total 204800K, used 145160K [0x0000000081e00000, 0x0000000100000000)
  region size 1024K, 10 young (10240K), 4 survivors (4096K)
 Metaspace       used 42516K, capacity 43765K, committed 44060K, reserved 1087488K
  class space    used 4899K, capacity 5417K, committed 5528K, reserved 1048576K
}
Event: 12.307 GC heap after
{Heap after GC invocations=67 (full 0):
 garbage-first heap   total 204800K, used 139366K [0x0000000081e00000, 0x0000000100000000)
  region size 1024K, 2 young (2048K), 2 survivors (2048K)
 Metaspace       used 42516K, capacity 43765K, committed 44060K, reserved 1087488K
  class space    used 4899K, capacity 5417K, committed 5528K, reserved 1048576K
}
Event: 12.309 GC heap before
{Heap before GC invocations=67 (full 0):
 garbage-first heap   total 204800K, used 139366K [0x0000000081e00000, 0x0000000100000000)
  region size 1024K, 3 young (3072K), 2 survivors (2048K)
 Metaspace       used 42518K, capacity 43765K, committed 44060K, reserved 1087488K
  class space    used 4899K, capacity 5417K, committed 5528K, reserved 1048576K
}
Event: 12.310 GC heap after
{Heap after GC invocations=68 (full 0):
 garbage-first heap   total 204800K, used 139354K [0x0000000081e00000, 0x0000000100000000)
  region size 1024K, 2 young (2048K), 2 survivors (2048K)
 Metaspace       used 42518K, capacity 43765K, committed 44060K, reserved 1087488K
  class space    used 4899K, capacity 5417K, committed 5528K, reserved 1048576K
}
Event: 14.370 GC heap before
{Heap before GC invocations=69 (full 0):
 garbage-first heap   total 256000K, used 253018K [0x0000000081e00000, 0x0000000100000000)
  region size 1024K, 22 young (22528K), 2 survivors (2048K)
 Metaspace       used 42679K, capacity 43963K, committed 44316K, reserved 1087488K
  class space    used 4901K, capacity 5419K, committed 5528K, reserved 1048576K
}
Event: 14.373 GC heap after
{Heap after GC invocations=70 (full 0):
 garbage-first heap   total 259072K, used 224233K [0x0000000081e00000, 0x0000000100000000)
  region size 1024K, 3 young (3072K), 3 survivors (3072K)
 Metaspace       used 42679K, capacity 43963K, committed 44316K, reserved 1087488K
  class space    used 4901K, capacity 5419K, committed 5528K, reserved 1048576K
}
Event: 14.570 GC heap before
{Heap before GC invocations=70 (full 0):
 garbage-first heap   total 259072K, used 235497K [0x0000000081e00000, 0x0000000100000000)
  region size 1024K, 12 young (12288K), 3 survivors (3072K)
 Metaspace       used 42779K, capacity 44027K, committed 44316K, reserved 1087488K
  class space    used 4901K, capacity 5419K, committed 5528K, reserved 1048576K
}
Event: 14.572 GC heap after
{Heap after GC invocations=71 (full 0):
 garbage-first heap   total 259072K, used 227723K [0x0000000081e00000, 0x0000000100000000)
  region size 1024K, 2 young (2048K), 2 survivors (2048K)
 Metaspace       used 42779K, capacity 44027K, committed 44316K, reserved 1087488K
  class space    used 4901K, capacity 5419K, committed 5528K, reserved 1048576K
}
Event: 14.980 GC heap before
{Heap before GC invocations=71 (full 0):
 garbage-first heap   total 259072K, used 232843K [0x0000000081e00000, 0x0000000100000000)
  region size 1024K, 9 young (9216K), 2 survivors (2048K)
 Metaspace       used 42802K, capacity 44027K, committed 44316K, reserved 1087488K
  class space    used 4901K, capacity 5419K, committed 5528K, reserved 1048576K
}
Event: 14.982 GC heap after
{Heap after GC invocations=72 (full 0):
 garbage-first heap   total 259072K, used 228947K [0x0000000081e00000, 0x0000000100000000)
  region size 1024K, 2 young (2048K), 2 survivors (2048K)
 Metaspace       used 42802K, capacity 44027K, committed 44316K, reserved 1087488K
  class space    used 4901K, capacity 5419K, committed 5528K, reserved 1048576K
}

