# JRE version: Java(TM) SE Runtime Environment 18.9 (11.0.9+7) (build 11.0.9+7-LTS)
# Java VM: Java HotSpot(TM) 64-Bit Server VM 18.9 (11.0.9+7-LTS, mixed mode, tiered, compressed oops, g1 gc, windows-amd64)
Heap:
 garbage-first heap   total 290816K, used 258484K [0x0000000081e00000, 0x0000000100000000)
  region size 1024K, 21 young (21504K), 1 survivors (1024K)
 Metaspace       used 43190K, capacity 44494K, committed 44828K, reserved 1089536K
  class space    used 4913K, capacity 5447K, committed 5528K, reserved 1048576K
GC Heap History (10 events):
Event: 22.363 GC heap before
{Heap before GC invocations=81 (full 0):
 garbage-first heap   total 261120K, used 114599K [0x0000000081e00000, 0x0000000100000000)
  region size 1024K, 10 young (10240K), 2 survivors (2048K)
 Metaspace       used 42738K, capacity 43967K, committed 44316K, reserved 1087488K
  class space    used 4898K, capacity 5420K, committed 5528K, reserved 1048576K
}
Event: 22.365 GC heap after
{Heap after GC invocations=82 (full 0):
 garbage-first heap   total 261120K, used 108627K [0x0000000081e00000, 0x0000000100000000)
  region size 1024K, 3 young (3072K), 3 survivors (3072K)
 Metaspace       used 42738K, capacity 43967K, committed 44316K, reserved 1087488K
  class space    used 4898K, capacity 5420K, committed 5528K, reserved 1048576K
}
Event: 22.464 GC heap before
{Heap before GC invocations=83 (full 0):
 garbage-first heap   total 261120K, used 131155K [0x0000000081e00000, 0x0000000100000000)
  region size 1024K, 4 young (4096K), 3 survivors (3072K)
 Metaspace       used 42740K, capacity 43967K, committed 44316K, reserved 1087488K
  class space    used 4898K, capacity 5420K, committed 5528K, reserved 1048576K
}
Event: 22.466 GC heap after
{Heap after GC invocations=84 (full 0):
 garbage-first heap   total 261120K, used 131086K [0x0000000081e00000, 0x0000000100000000)
  region size 1024K, 3 young (3072K), 3 survivors (3072K)
 Metaspace       used 42740K, capacity 43967K, committed 44316K, reserved 1087488K
  class space    used 4898K, capacity 5420K, committed 5528K, reserved 1048576K
}
Event: 25.353 GC heap before
{Heap before GC invocations=85 (full 0):
 garbage-first heap   total 273408K, used 271374K [0x0000000081e00000, 0x0000000100000000)
  region size 1024K, 29 young (29696K), 3 survivors (3072K)
 Metaspace       used 43044K, capacity 44342K, committed 44572K, reserved 1089536K
  class space    used 4909K, capacity 5441K, committed 5528K, reserved 1048576K
}
Event: 25.359 GC heap after
{Heap after GC invocations=86 (full 0):
 garbage-first heap   total 278528K, used 157976K [0x0000000081e00000, 0x0000000100000000)
  region size 1024K, 5 young (5120K), 5 survivors (5120K)
 Metaspace       used 43044K, capacity 44342K, committed 44572K, reserved 1089536K
  class space    used 4909K, capacity 5441K, committed 5528K, reserved 1048576K
}
Event: 25.621 GC heap before
{Heap before GC invocations=86 (full 0):
 garbage-first heap   total 278528K, used 166168K [0x0000000081e00000, 0x0000000100000000)
  region size 1024K, 13 young (13312K), 5 survivors (5120K)
 Metaspace       used 43052K, capacity 44351K, committed 44572K, reserved 1089536K
  class space    used 4910K, capacity 5443K, committed 5528K, reserved 1048576K
}
Event: 25.626 GC heap after
{Heap after GC invocations=87 (full 0):
 garbage-first heap   total 278528K, used 153790K [0x0000000081e00000, 0x0000000100000000)
  region size 1024K, 1 young (1024K), 1 survivors (1024K)
 Metaspace       used 43052K, capacity 44351K, committed 44572K, reserved 1089536K
  class space    used 4910K, capacity 5443K, committed 5528K, reserved 1048576K
}
Event: 25.831 GC heap before
{Heap before GC invocations=87 (full 0):
 garbage-first heap   total 278528K, used 187582K [0x0000000081e00000, 0x0000000100000000)
  region size 1024K, 35 young (35840K), 1 survivors (1024K)
 Metaspace       used 43053K, capacity 44351K, committed 44572K, reserved 1089536K
  class space    used 4910K, capacity 5443K, committed 5528K, reserved 1048576K
}
Event: 25.832 GC heap after
{Heap after GC invocations=88 (full 0):
 garbage-first heap   total 278528K, used 154036K [0x0000000081e00000, 0x0000000100000000)
  region size 1024K, 1 young (1024K), 1 survivors (1024K)
 Metaspace       used 43053K, capacity 44351K, committed 44572K, reserved 1089536K
  class space    used 4910K, capacity 5443K, committed 5528K, reserved 1048576K
}

