# JRE version: Java(TM) SE Runtime Environment 18.9 (11.0.9+7) (build 11.0.9+7-LTS)
# Java VM: Java HotSpot(TM) 64-Bit Server VM 18.9 (11.0.9+7-LTS, mixed mode, tiered, compressed oops, g1 gc, windows-amd64)
Heap:
 garbage-first heap   total 437248K, used 209329K [0x0000000081e00000, 0x0000000100000000)
  region size 1024K, 3 young (3072K), 3 survivors (3072K)
 Metaspace       used 42760K, capacity 44294K, committed 44572K, reserved 1087488K
  class space    used 5332K, capacity 5989K, committed 6040K, reserved 1048576K
GC Heap History (10 events):
Event: 8.995 GC heap after
{Heap after GC invocations=41 (full 0):
 garbage-first heap   total 214016K, used 138458K [0x0000000081e00000, 0x0000000100000000)
  region size 1024K, 1 young (1024K), 1 survivors (1024K)
 Metaspace       used 42420K, capacity 43992K, committed 44060K, reserved 1087488K
  class space    used 5328K, capacity 5981K, committed 6040K, reserved 1048576K
}
Event: 9.870 GC heap before
{Heap before GC invocations=42 (full 0):
 garbage-first heap   total 214016K, used 144602K [0x0000000081e00000, 0x0000000100000000)
  region size 1024K, 7 young (7168K), 1 survivors (1024K)
 Metaspace       used 42559K, capacity 44120K, committed 44316K, reserved 1087488K
  class space    used 5328K, capacity 5981K, committed 6040K, reserved 1048576K
}
Event: 9.883 GC heap after
{Heap after GC invocations=43 (full 0):
 garbage-first heap   total 356352K, used 140427K [0x0000000081e00000, 0x0000000100000000)
  region size 1024K, 2 young (2048K), 2 survivors (2048K)
 Metaspace       used 42559K, capacity 44120K, committed 44316K, reserved 1087488K
  class space    used 5328K, capacity 5981K, committed 6040K, reserved 1048576K
}
Event: 10.075 GC heap before
{Heap before GC invocations=44 (full 0):
 garbage-first heap   total 356352K, used 168075K [0x0000000081e00000, 0x0000000100000000)
  region size 1024K, 4 young (4096K), 2 survivors (2048K)
 Metaspace       used 42594K, capacity 44196K, committed 44316K, reserved 1087488K
  class space    used 5329K, capacity 5983K, committed 6040K, reserved 1048576K
}
Event: 10.089 GC heap after
{Heap after GC invocations=45 (full 0):
 garbage-first heap   total 356352K, used 167327K [0x0000000081e00000, 0x0000000100000000)
  region size 1024K, 2 young (2048K), 2 survivors (2048K)
 Metaspace       used 42594K, capacity 44196K, committed 44316K, reserved 1087488K
  class space    used 5329K, capacity 5983K, committed 6040K, reserved 1048576K
}
Event: 10.299 GC heap before
{Heap before GC invocations=46 (full 0):
 garbage-first heap   total 356352K, used 184735K [0x0000000081e00000, 0x0000000100000000)
  region size 1024K, 3 young (3072K), 2 survivors (2048K)
 Metaspace       used 42596K, capacity 44196K, committed 44316K, reserved 1087488K
  class space    used 5329K, capacity 5983K, committed 6040K, reserved 1048576K
}
Event: 10.316 GC heap after
{Heap after GC invocations=47 (full 0):
 garbage-first heap   total 356352K, used 180672K [0x0000000081e00000, 0x0000000100000000)
  region size 1024K, 2 young (2048K), 2 survivors (2048K)
 Metaspace       used 42596K, capacity 44196K, committed 44316K, reserved 1087488K
  class space    used 5329K, capacity 5983K, committed 6040K, reserved 1048576K
}
Event: 11.173 GC heap before
{Heap before GC invocations=48 (full 0):
 garbage-first heap   total 356352K, used 185792K [0x0000000081e00000, 0x0000000100000000)
  region size 1024K, 7 young (7168K), 2 survivors (2048K)
 Metaspace       used 42740K, capacity 44287K, committed 44572K, reserved 1087488K
  class space    used 5331K, capacity 5988K, committed 6040K, reserved 1048576K
}
Event: 11.187 GC heap after
{Heap after GC invocations=49 (full 0):
 garbage-first heap   total 356352K, used 182477K [0x0000000081e00000, 0x0000000100000000)
  region size 1024K, 3 young (3072K), 3 survivors (3072K)
 Metaspace       used 42740K, capacity 44287K, committed 44572K, reserved 1087488K
  class space    used 5331K, capacity 5988K, committed 6040K, reserved 1048576K
}
Event: 11.428 GC heap before
{Heap before GC invocations=50 (full 0):
 garbage-first heap   total 356352K, used 210125K [0x0000000081e00000, 0x0000000100000000)
  region size 1024K, 5 young (5120K), 3 survivors (3072K)
 Metaspace       used 42760K, capacity 44294K, committed 44572K, reserved 1087488K
  class space    used 5332K, capacity 5989K, committed 6040K, reserved 1048576K
}

