# JRE version: Java(TM) SE Runtime Environment 18.9 (11.0.9+7) (build 11.0.9+7-LTS)
# Java VM: Java HotSpot(TM) 64-Bit Server VM 18.9 (11.0.9+7-LTS, mixed mode, tiered, compressed oops, g1 gc, windows-amd64)
Heap:
 garbage-first heap   total 131072K, used 99301K [0x0000000081e00000, 0x0000000100000000)
  region size 1024K, 2 young (2048K), 1 survivors (1024K)
 Metaspace       used 39733K, capacity 41283K, committed 41500K, reserved 1085440K
  class space    used 5040K, capacity 5678K, committed 5760K, reserved 1048576K
GC Heap History (10 events):
Event: 5.045 GC heap before
{Heap before GC invocations=8 (full 0):
 garbage-first heap   total 131072K, used 80903K [0x0000000081e00000, 0x0000000100000000)
  region size 1024K, 3 young (3072K), 2 survivors (2048K)
 Metaspace       used 36313K, capacity 37431K, committed 37660K, reserved 1081344K
  class space    used 4433K, capacity 4867K, committed 4992K, reserved 1048576K
}
Event: 5.047 GC heap after
{Heap after GC invocations=9 (full 0):
 garbage-first heap   total 131072K, used 80784K [0x0000000081e00000, 0x0000000100000000)
  region size 1024K, 2 young (2048K), 2 survivors (2048K)
 Metaspace       used 36313K, capacity 37431K, committed 37660K, reserved 1081344K
  class space    used 4433K, capacity 4867K, committed 4992K, reserved 1048576K
}
Event: 5.089 GC heap before
{Heap before GC invocations=10 (full 0):
 garbage-first heap   total 131072K, used 84880K [0x0000000081e00000, 0x0000000100000000)
  region size 1024K, 5 young (5120K), 2 survivors (2048K)
 Metaspace       used 36574K, capacity 37636K, committed 37916K, reserved 1083392K
  class space    used 4486K, capacity 4910K, committed 4992K, reserved 1048576K
}
Event: 5.092 GC heap after
{Heap after GC invocations=11 (full 0):
 garbage-first heap   total 131072K, used 83743K [0x0000000081e00000, 0x0000000100000000)
  region size 1024K, 3 young (3072K), 3 survivors (3072K)
 Metaspace       used 36574K, capacity 37636K, committed 37916K, reserved 1083392K
  class space    used 4486K, capacity 4910K, committed 4992K, reserved 1048576K
}
Event: 5.187 GC heap before
{Heap before GC invocations=12 (full 0):
 garbage-first heap   total 131072K, used 90911K [0x0000000081e00000, 0x0000000100000000)
  region size 1024K, 4 young (4096K), 3 survivors (3072K)
 Metaspace       used 36625K, capacity 37738K, committed 37916K, reserved 1083392K
  class space    used 4488K, capacity 4943K, committed 4992K, reserved 1048576K
}
Event: 5.190 GC heap after
{Heap after GC invocations=13 (full 0):
 garbage-first heap   total 131072K, used 90746K [0x0000000081e00000, 0x0000000100000000)
  region size 1024K, 2 young (2048K), 2 survivors (2048K)
 Metaspace       used 36625K, capacity 37738K, committed 37916K, reserved 1083392K
  class space    used 4488K, capacity 4943K, committed 4992K, reserved 1048576K
}
Event: 5.799 GC heap before
{Heap before GC invocations=14 (full 0):
 garbage-first heap   total 131072K, used 107130K [0x0000000081e00000, 0x0000000100000000)
  region size 1024K, 17 young (17408K), 2 survivors (2048K)
 Metaspace       used 39351K, capacity 40846K, committed 40988K, reserved 1085440K
  class space    used 5009K, capacity 5641K, committed 5760K, reserved 1048576K
}
Event: 5.802 GC heap after
{Heap after GC invocations=15 (full 0):
 garbage-first heap   total 131072K, used 94577K [0x0000000081e00000, 0x0000000100000000)
  region size 1024K, 3 young (3072K), 3 survivors (3072K)
 Metaspace       used 39351K, capacity 40846K, committed 40988K, reserved 1085440K
  class space    used 5009K, capacity 5641K, committed 5760K, reserved 1048576K
}
Event: 5.847 GC heap before
{Heap before GC invocations=15 (full 0):
 garbage-first heap   total 131072K, used 94577K [0x0000000081e00000, 0x0000000100000000)
  region size 1024K, 4 young (4096K), 3 survivors (3072K)
 Metaspace       used 39566K, capacity 41038K, committed 41244K, reserved 1085440K
  class space    used 5026K, capacity 5641K, committed 5760K, reserved 1048576K
}
Event: 5.850 GC heap after
{Heap after GC invocations=16 (full 0):
 garbage-first heap   total 131072K, used 95205K [0x0000000081e00000, 0x0000000100000000)
  region size 1024K, 1 young (1024K), 1 survivors (1024K)
 Metaspace       used 39566K, capacity 41038K, committed 41244K, reserved 1085440K
  class space    used 5026K, capacity 5641K, committed 5760K, reserved 1048576K
}

