-------------------------------------------------------------------------------
Test set: pl.magdalena.brejna.colourtheworldapp.algorithms.EdgeDetectionTest
-------------------------------------------------------------------------------
Tests run: 6, Failures: 0, Errors: 6, Skipped: 0, Time elapsed: 8.927 s <<< FAILURE! - in pl.magdalena.brejna.colourtheworldapp.algorithms.EdgeDetectionTest
pl.magdalena.brejna.colourtheworldapp.algorithms.EdgeDetectionTest.detectionWithWrongPNGSourceFileTest2  Time elapsed: 3.466 s  <<< ERROR!
java.lang.Exception: Unexpected exception, expected<pl.magdalena.brejna.colourtheworldapp.exceptions.ImageProcessingException> but was<java.lang.UnsatisfiedLinkError>
	at ColourTheWorldApp@1.0-SNAPSHOT/pl.magdalena.brejna.colourtheworldapp.algorithms.EdgeDetectionTest.detectionWithWrongPNGSourceFileTest2(EdgeDetectionTest.java:67)

pl.magdalena.brejna.colourtheworldapp.algorithms.EdgeDetectionTest.detectionWithCorrectJPGSourceFileTest  Time elapsed: 1.355 s  <<< ERROR!
java.lang.UnsatisfiedLinkError: no opencv_java451 in java.library.path: [C:\Program Files\Java\jdk-11.0.9\bin, C:\WINDOWS\Sun\Java\bin, C:\WINDOWS\system32, C:\WINDOWS, C:\OCaml\bin, C:\Program Files\Common Files\Oracle\Java\javapath, D:\OracleDB\OracleDatabase\bin, C:\Program Files (x86)\Common Files\Oracle\Java\javapath, C:\WINDOWS\system32, C:\WINDOWS, C:\WINDOWS\System32\Wbem, C:\WINDOWS\System32\WindowsPowerShell\v1.0\, C:\WINDOWS\System32\OpenSSH\, C:\Program Files (x86)\AOMEI Backupper, C:\Program Files\Git\cmd, C:\Program Files\MySQL\MySQL Shell 8.0\bin\, C:\Users\magda\AppData\Local\Programs\Python\Python38-32\Scripts\, C:\Users\magda\AppData\Local\Programs\Python\Python38-32\, C:\Users\magda\AppData\Local\Microsoft\WindowsApps, ., C:\Users\magda\AppData\Local\Programs\Microsoft VS Code\bin, C:\Program Files\IntelliJ IDEA 2020.2.3\bin, ., .]
	at ColourTheWorldApp@1.0-SNAPSHOT/pl.magdalena.brejna.colourtheworldapp.algorithms.EdgeDetectionTest.detectionWithCorrectJPGSourceFileTest(EdgeDetectionTest.java:47)

pl.magdalena.brejna.colourtheworldapp.algorithms.EdgeDetectionTest.detectionWithWrongJPGSourceFileTest  Time elapsed: 1.113 s  <<< ERROR!
java.lang.Exception: Unexpected exception, expected<pl.magdalena.brejna.colourtheworldapp.exceptions.ImageProcessingException> but was<java.lang.UnsatisfiedLinkError>
	at ColourTheWorldApp@1.0-SNAPSHOT/pl.magdalena.brejna.colourtheworldapp.algorithms.EdgeDetectionTest.detectionWithWrongJPGSourceFileTest(EdgeDetectionTest.java:60)

pl.magdalena.brejna.colourtheworldapp.algorithms.EdgeDetectionTest.finalPNGImagePixelsColorTest  Time elapsed: 0.966 s  <<< ERROR!
java.lang.UnsatisfiedLinkError: no opencv_java451 in java.library.path: [C:\Program Files\Java\jdk-11.0.9\bin, C:\WINDOWS\Sun\Java\bin, C:\WINDOWS\system32, C:\WINDOWS, C:\OCaml\bin, C:\Program Files\Common Files\Oracle\Java\javapath, D:\OracleDB\OracleDatabase\bin, C:\Program Files (x86)\Common Files\Oracle\Java\javapath, C:\WINDOWS\system32, C:\WINDOWS, C:\WINDOWS\System32\Wbem, C:\WINDOWS\System32\WindowsPowerShell\v1.0\, C:\WINDOWS\System32\OpenSSH\, C:\Program Files (x86)\AOMEI Backupper, C:\Program Files\Git\cmd, C:\Program Files\MySQL\MySQL Shell 8.0\bin\, C:\Users\magda\AppData\Local\Programs\Python\Python38-32\Scripts\, C:\Users\magda\AppData\Local\Programs\Python\Python38-32\, C:\Users\magda\AppData\Local\Microsoft\WindowsApps, ., C:\Users\magda\AppData\Local\Programs\Microsoft VS Code\bin, C:\Program Files\IntelliJ IDEA 2020.2.3\bin, ., .]
	at ColourTheWorldApp@1.0-SNAPSHOT/pl.magdalena.brejna.colourtheworldapp.algorithms.EdgeDetectionTest.finalPNGImagePixelsColorTest(EdgeDetectionTest.java:80)

pl.magdalena.brejna.colourtheworldapp.algorithms.EdgeDetectionTest.detectionWithCorrectPNGSourceFileTest2  Time elapsed: 1.012 s  <<< ERROR!
java.lang.UnsatisfiedLinkError: no opencv_java451 in java.library.path: [C:\Program Files\Java\jdk-11.0.9\bin, C:\WINDOWS\Sun\Java\bin, C:\WINDOWS\system32, C:\WINDOWS, C:\OCaml\bin, C:\Program Files\Common Files\Oracle\Java\javapath, D:\OracleDB\OracleDatabase\bin, C:\Program Files (x86)\Common Files\Oracle\Java\javapath, C:\WINDOWS\system32, C:\WINDOWS, C:\WINDOWS\System32\Wbem, C:\WINDOWS\System32\WindowsPowerShell\v1.0\, C:\WINDOWS\System32\OpenSSH\, C:\Program Files (x86)\AOMEI Backupper, C:\Program Files\Git\cmd, C:\Program Files\MySQL\MySQL Shell 8.0\bin\, C:\Users\magda\AppData\Local\Programs\Python\Python38-32\Scripts\, C:\Users\magda\AppData\Local\Programs\Python\Python38-32\, C:\Users\magda\AppData\Local\Microsoft\WindowsApps, ., C:\Users\magda\AppData\Local\Programs\Microsoft VS Code\bin, C:\Program Files\IntelliJ IDEA 2020.2.3\bin, ., .]
	at ColourTheWorldApp@1.0-SNAPSHOT/pl.magdalena.brejna.colourtheworldapp.algorithms.EdgeDetectionTest.detectionWithCorrectPNGSourceFileTest2(EdgeDetectionTest.java:53)

pl.magdalena.brejna.colourtheworldapp.algorithms.EdgeDetectionTest.finalJPGImagePixelsColorTest  Time elapsed: 0.945 s  <<< ERROR!
java.lang.UnsatisfiedLinkError: no opencv_java451 in java.library.path: [C:\Program Files\Java\jdk-11.0.9\bin, C:\WINDOWS\Sun\Java\bin, C:\WINDOWS\system32, C:\WINDOWS, C:\OCaml\bin, C:\Program Files\Common Files\Oracle\Java\javapath, D:\OracleDB\OracleDatabase\bin, C:\Program Files (x86)\Common Files\Oracle\Java\javapath, C:\WINDOWS\system32, C:\WINDOWS, C:\WINDOWS\System32\Wbem, C:\WINDOWS\System32\WindowsPowerShell\v1.0\, C:\WINDOWS\System32\OpenSSH\, C:\Program Files (x86)\AOMEI Backupper, C:\Program Files\Git\cmd, C:\Program Files\MySQL\MySQL Shell 8.0\bin\, C:\Users\magda\AppData\Local\Programs\Python\Python38-32\Scripts\, C:\Users\magda\AppData\Local\Programs\Python\Python38-32\, C:\Users\magda\AppData\Local\Microsoft\WindowsApps, ., C:\Users\magda\AppData\Local\Programs\Microsoft VS Code\bin, C:\Program Files\IntelliJ IDEA 2020.2.3\bin, ., .]
	at ColourTheWorldApp@1.0-SNAPSHOT/pl.magdalena.brejna.colourtheworldapp.algorithms.EdgeDetectionTest.finalJPGImagePixelsColorTest(EdgeDetectionTest.java:73)

