-------------------------------------------------------------------------------
Test set: pl.magdalena.brejna.colourtheworldapp.models.ProjectModelTest
-------------------------------------------------------------------------------
Tests run: 19, Failures: 0, Errors: 5, Skipped: 0, Time elapsed: 18.156 s <<< FAILURE! - in pl.magdalena.brejna.colourtheworldapp.models.ProjectModelTest
pl.magdalena.brejna.colourtheworldapp.models.ProjectModelTest.getProjectImageTest  Time elapsed: 0.565 s  <<< ERROR!
java.lang.RuntimeException: java.lang.UnsatisfiedLinkError: no opencv_java451 in java.library.path: [C:\Program Files\Java\jdk-11.0.9\bin, C:\WINDOWS\Sun\Java\bin, C:\WINDOWS\system32, C:\WINDOWS, C:\OCaml\bin, C:\Program Files\Common Files\Oracle\Java\javapath, D:\OracleDB\OracleDatabase\bin, C:\Program Files (x86)\Common Files\Oracle\Java\javapath, C:\WINDOWS\system32, C:\WINDOWS, C:\WINDOWS\System32\Wbem, C:\WINDOWS\System32\WindowsPowerShell\v1.0\, C:\WINDOWS\System32\OpenSSH\, C:\Program Files (x86)\AOMEI Backupper, C:\Program Files\Git\cmd, C:\Program Files\MySQL\MySQL Shell 8.0\bin\, C:\Users\magda\AppData\Local\Programs\Python\Python38-32\Scripts\, C:\Users\magda\AppData\Local\Programs\Python\Python38-32\, C:\Users\magda\AppData\Local\Microsoft\WindowsApps, ., C:\Users\magda\AppData\Local\Programs\Microsoft VS Code\bin, C:\Program Files\IntelliJ IDEA 2020.2.3\bin, ., .]
	at ColourTheWorldApp@1.0-SNAPSHOT/pl.magdalena.brejna.colourtheworldapp.models.ProjectModelTest.lambda$getProjectImageTest$4(ProjectModelTest.java:97)

pl.magdalena.brejna.colourtheworldapp.models.ProjectModelTest.showFullViewTest  Time elapsed: 0.826 s  <<< ERROR!
java.lang.RuntimeException: java.lang.UnsatisfiedLinkError: no opencv_java451 in java.library.path: [C:\Program Files\Java\jdk-11.0.9\bin, C:\WINDOWS\Sun\Java\bin, C:\WINDOWS\system32, C:\WINDOWS, C:\OCaml\bin, C:\Program Files\Common Files\Oracle\Java\javapath, D:\OracleDB\OracleDatabase\bin, C:\Program Files (x86)\Common Files\Oracle\Java\javapath, C:\WINDOWS\system32, C:\WINDOWS, C:\WINDOWS\System32\Wbem, C:\WINDOWS\System32\WindowsPowerShell\v1.0\, C:\WINDOWS\System32\OpenSSH\, C:\Program Files (x86)\AOMEI Backupper, C:\Program Files\Git\cmd, C:\Program Files\MySQL\MySQL Shell 8.0\bin\, C:\Users\magda\AppData\Local\Programs\Python\Python38-32\Scripts\, C:\Users\magda\AppData\Local\Programs\Python\Python38-32\, C:\Users\magda\AppData\Local\Microsoft\WindowsApps, ., C:\Users\magda\AppData\Local\Programs\Microsoft VS Code\bin, C:\Program Files\IntelliJ IDEA 2020.2.3\bin, ., .]
	at ColourTheWorldApp@1.0-SNAPSHOT/pl.magdalena.brejna.colourtheworldapp.models.ProjectModelTest.lambda$showFullViewTest$16(ProjectModelTest.java:234)

pl.magdalena.brejna.colourtheworldapp.models.ProjectModelTest.dilateTest  Time elapsed: 0.748 s  <<< ERROR!
java.lang.RuntimeException: java.lang.UnsatisfiedLinkError: no opencv_java451 in java.library.path: [C:\Program Files\Java\jdk-11.0.9\bin, C:\WINDOWS\Sun\Java\bin, C:\WINDOWS\system32, C:\WINDOWS, C:\OCaml\bin, C:\Program Files\Common Files\Oracle\Java\javapath, D:\OracleDB\OracleDatabase\bin, C:\Program Files (x86)\Common Files\Oracle\Java\javapath, C:\WINDOWS\system32, C:\WINDOWS, C:\WINDOWS\System32\Wbem, C:\WINDOWS\System32\WindowsPowerShell\v1.0\, C:\WINDOWS\System32\OpenSSH\, C:\Program Files (x86)\AOMEI Backupper, C:\Program Files\Git\cmd, C:\Program Files\MySQL\MySQL Shell 8.0\bin\, C:\Users\magda\AppData\Local\Programs\Python\Python38-32\Scripts\, C:\Users\magda\AppData\Local\Programs\Python\Python38-32\, C:\Users\magda\AppData\Local\Microsoft\WindowsApps, ., C:\Users\magda\AppData\Local\Programs\Microsoft VS Code\bin, C:\Program Files\IntelliJ IDEA 2020.2.3\bin, ., .]
	at ColourTheWorldApp@1.0-SNAPSHOT/pl.magdalena.brejna.colourtheworldapp.models.ProjectModelTest.lambda$dilateTest$13(ProjectModelTest.java:201)

pl.magdalena.brejna.colourtheworldapp.models.ProjectModelTest.makeContrastTest  Time elapsed: 0.816 s  <<< ERROR!
java.lang.RuntimeException: java.lang.UnsatisfiedLinkError: no opencv_java451 in java.library.path: [C:\Program Files\Java\jdk-11.0.9\bin, C:\WINDOWS\Sun\Java\bin, C:\WINDOWS\system32, C:\WINDOWS, C:\OCaml\bin, C:\Program Files\Common Files\Oracle\Java\javapath, D:\OracleDB\OracleDatabase\bin, C:\Program Files (x86)\Common Files\Oracle\Java\javapath, C:\WINDOWS\system32, C:\WINDOWS, C:\WINDOWS\System32\Wbem, C:\WINDOWS\System32\WindowsPowerShell\v1.0\, C:\WINDOWS\System32\OpenSSH\, C:\Program Files (x86)\AOMEI Backupper, C:\Program Files\Git\cmd, C:\Program Files\MySQL\MySQL Shell 8.0\bin\, C:\Users\magda\AppData\Local\Programs\Python\Python38-32\Scripts\, C:\Users\magda\AppData\Local\Programs\Python\Python38-32\, C:\Users\magda\AppData\Local\Microsoft\WindowsApps, ., C:\Users\magda\AppData\Local\Programs\Microsoft VS Code\bin, C:\Program Files\IntelliJ IDEA 2020.2.3\bin, ., .]
	at ColourTheWorldApp@1.0-SNAPSHOT/pl.magdalena.brejna.colourtheworldapp.models.ProjectModelTest.lambda$makeContrastTest$15(ProjectModelTest.java:222)
	at ColourTheWorldApp@1.0-SNAPSHOT/pl.magdalena.brejna.colourtheworldapp.models.ProjectModelTest.lambda$saveColouringBookTest$9(ProjectModelTest.java:156)
	at ColourTheWorldApp@1.0-SNAPSHOT/pl.magdalena.brejna.colourtheworldapp.models.ProjectModelTest.lambda$loadImageTest$5(ProjectModelTest.java:105)

pl.magdalena.brejna.colourtheworldapp.models.ProjectModelTest.createColouringBookTest  Time elapsed: 0.906 s  <<< ERROR!
java.lang.RuntimeException: java.lang.UnsatisfiedLinkError: no opencv_java451 in java.library.path: [C:\Program Files\Java\jdk-11.0.9\bin, C:\WINDOWS\Sun\Java\bin, C:\WINDOWS\system32, C:\WINDOWS, C:\OCaml\bin, C:\Program Files\Common Files\Oracle\Java\javapath, D:\OracleDB\OracleDatabase\bin, C:\Program Files (x86)\Common Files\Oracle\Java\javapath, C:\WINDOWS\system32, C:\WINDOWS, C:\WINDOWS\System32\Wbem, C:\WINDOWS\System32\WindowsPowerShell\v1.0\, C:\WINDOWS\System32\OpenSSH\, C:\Program Files (x86)\AOMEI Backupper, C:\Program Files\Git\cmd, C:\Program Files\MySQL\MySQL Shell 8.0\bin\, C:\Users\magda\AppData\Local\Programs\Python\Python38-32\Scripts\, C:\Users\magda\AppData\Local\Programs\Python\Python38-32\, C:\Users\magda\AppData\Local\Microsoft\WindowsApps, ., C:\Users\magda\AppData\Local\Programs\Microsoft VS Code\bin, C:\Program Files\IntelliJ IDEA 2020.2.3\bin, ., .]
	at ColourTheWorldApp@1.0-SNAPSHOT/pl.magdalena.brejna.colourtheworldapp.models.ProjectModelTest.lambda$createColouringBookTest$7(ProjectModelTest.java:137)
	at ColourTheWorldApp@1.0-SNAPSHOT/pl.magdalena.brejna.colourtheworldapp.models.ProjectModelTest.lambda$saveColouringBookTest$9(ProjectModelTest.java:156)
	at ColourTheWorldApp@1.0-SNAPSHOT/pl.magdalena.brejna.colourtheworldapp.models.ProjectModelTest.lambda$loadImageTest$5(ProjectModelTest.java:105)

