<?xml version="1.0" encoding="UTF-8"?>
<testsuite xmlns:xsi="http://www.w3.org/2001/XMLSchema-instance" xsi:noNamespaceSchemaLocation="https://maven.apache.org/surefire/maven-surefire-plugin/xsd/surefire-test-report-3.0.xsd" version="3.0" name="pl.magdalena.brejna.colourtheworldapp.models.ProjectModelTest" time="18.156" tests="19" errors="5" skipped="0" failures="0">
  <properties>
[...]
</properties>
  <testcase name="getProjectImageTest" classname="pl.magdalena.brejna.colourtheworldapp.models.ProjectModelTest" time="0.565">
    <error message="java.lang.UnsatisfiedLinkError: no opencv_java451 in java.library.path: [C:\Program Files\Java\jdk-11.0.9\bin, C:\WINDOWS\Sun\Java\bin, C:\WINDOWS\system32, C:\WINDOWS, C:\OCaml\bin, C:\Program Files\Common Files\Oracle\Java\javapath, D:\OracleDB\OracleDatabase\bin, C:\Program Files (x86)\Common Files\Oracle\Java\javapath, C:\WINDOWS\system32, C:\WINDOWS, C:\WINDOWS\System32\Wbem, C:\WINDOWS\System32\WindowsPowerShell\v1.0\, C:\WINDOWS\System32\OpenSSH\, C:\Program Files (x86)\AOMEI Backupper, C:\Program Files\Git\cmd, C:\Program Files\MySQL\MySQL Shell 8.0\bin\, C:\Users\magda\AppData\Local\Programs\Python\Python38-32\Scripts\, C:\Users\magda\AppData\Local\Programs\Python\Python38-32\, C:\Users\magda\AppData\Local\Microsoft\WindowsApps, ., C:\Users\magda\AppData\Local\Programs\Microsoft VS Code\bin, C:\Program Files\IntelliJ IDEA 2020.2.3\bin, ., .]" type="java.lang.RuntimeException"><![CDATA[java.lang.RuntimeException: java.lang.UnsatisfiedLinkError: no opencv_java451 in java.library.path: [C:\Program Files\Java\jdk-11.0.9\bin, C:\WINDOWS\Sun\Java\bin, C:\WINDOWS\system32, C:\WINDOWS, C:\OCaml\bin, C:\Program Files\Common Files\Oracle\Java\javapath, D:\OracleDB\OracleDatabase\bin, C:\Program Files (x86)\Common Files\Oracle\Java\javapath, C:\WINDOWS\system32, C:\WINDOWS, C:\WINDOWS\System32\Wbem, C:\WINDOWS\System32\WindowsPowerShell\v1.0\, C:\WINDOWS\System32\OpenSSH\, C:\Program Files (x86)\AOMEI Backupper, C:\Program Files\Git\cmd, C:\Program Files\MySQL\MySQL Shell 8.0\bin\, C:\Users\magda\AppData\Local\Programs\Python\Python38-32\Scripts\, C:\Users\magda\AppData\Local\Programs\Python\Python38-32\, C:\Users\magda\AppData\Local\Microsoft\WindowsApps, ., C:\Users\magda\AppData\Local\Programs\Microsoft VS Code\bin, C:\Program Files\IntelliJ IDEA 2020.2.3\bin, ., .]
	at ColourTheWorldApp@1.0-SNAPSHOT/pl.magdalena.brejna.colourtheworldapp.models.ProjectModelTest.lambda$getProjectImageTest$4(ProjectModelTest.java:97)
]]></error>
    <system-err><![CDATA[--- Exception in Async Thread ---
java.lang.UnsatisfiedLinkError: no opencv_java451 in java.library.path: [C:\Program Files\Java\jdk-11.0.9\bin, C:\WINDOWS\Sun\Java\bin, C:\WINDOWS\system32, C:\WINDOWS, C:\OCaml\bin, C:\Program Files\Common Files\Oracle\Java\javapath, D:\OracleDB\OracleDatabase\bin, C:\Program Files (x86)\Common Files\Oracle\Java\javapath, C:\WINDOWS\system32, C:\WINDOWS, C:\WINDOWS\System32\Wbem, C:\WINDOWS\System32\WindowsPowerShell\v1.0\, C:\WINDOWS\System32\OpenSSH\, C:\Program Files (x86)\AOMEI Backupper, C:\Program Files\Git\cmd, C:\Program Files\MySQL\MySQL Shell 8.0\bin\, C:\Users\magda\AppData\Local\Programs\Python\Python38-32\Scripts\, C:\Users\magda\AppData\Local\Programs\Python\Python38-32\, C:\Users\magda\AppData\Local\Microsoft\WindowsApps, ., C:\Users\magda\AppData\Local\Programs\Microsoft VS Code\bin, C:\Program Files\IntelliJ IDEA 2020.2.3\bin, ., .]
	java.base/java.lang.ClassLoader.loadLibrary(ClassLoader.java:2660)
	java.base/java.lang.Runtime.loadLibrary0(Runtime.java:827)
	java.base/java.lang.System.loadLibrary(System.java:1871)
	ColourTheWorldApp@1.0-SNAPSHOT/pl.magdalena.brejna.colourtheworldapp.algorithms.EdgeDetection.detectEdges(EdgeDetection.java:32)
	ColourTheWorldApp@1.0-SNAPSHOT/pl.magdalena.brejna.colourtheworldapp.models.ProjectModel.createColouringBook(ProjectModel.java:159)
	ColourTheWorldApp@1.0-SNAPSHOT/pl.magdalena.brejna.colourtheworldapp.models.ProjectModel.getProjectImage(ProjectModel.java:79)
	ColourTheWorldApp@1.0-SNAPSHOT/pl.magdalena.brejna.colourtheworldapp.models.ProjectModelTest.lambda$getProjectImageTest$4(ProjectModelTest.java:97)
	javafx.graphics/com.sun.javafx.application.PlatformImpl.lambda$runLater$10(PlatformImpl.java:428)
	java.base/java.security.AccessController.doPrivileged(Native Method)
	javafx.graphics/com.sun.javafx.application.PlatformImpl.lambda$runLater$11(PlatformImpl.java:427)
	javafx.graphics/com.sun.glass.ui.InvokeLaterDispatcher$Future.run(InvokeLaterDispatcher.java:96)
	javafx.graphics/com.sun.glass.ui.win.WinApplication._runLoop(Native Method)
	javafx.graphics/com.sun.glass.ui.win.WinApplication.lambda$runLoop$3(WinApplication.java:174)
	java.base/java.lang.Thread.run(Thread.java:834)

]]></system-err>
  </testcase>
  <testcase name="getActiveProjectTest" classname="pl.magdalena.brejna.colourtheworldapp.models.ProjectModelTest" time="0.932"/>
  <testcase name="getPhotoImageTest" classname="pl.magdalena.brejna.colourtheworldapp.models.ProjectModelTest" time="0.912"/>
  <testcase name="openWrongFileTest" classname="pl.magdalena.brejna.colourtheworldapp.models.ProjectModelTest" time="0.938"/>
  <testcase name="showFullViewTest" classname="pl.magdalena.brejna.colourtheworldapp.models.ProjectModelTest" time="0.826">
    <error message="java.lang.UnsatisfiedLinkError: no opencv_java451 in java.library.path: [C:\Program Files\Java\jdk-11.0.9\bin, C:\WINDOWS\Sun\Java\bin, C:\WINDOWS\system32, C:\WINDOWS, C:\OCaml\bin, C:\Program Files\Common Files\Oracle\Java\javapath, D:\OracleDB\OracleDatabase\bin, C:\Program Files (x86)\Common Files\Oracle\Java\javapath, C:\WINDOWS\system32, C:\WINDOWS, C:\WINDOWS\System32\Wbem, C:\WINDOWS\System32\WindowsPowerShell\v1.0\, C:\WINDOWS\System32\OpenSSH\, C:\Program Files (x86)\AOMEI Backupper, C:\Program Files\Git\cmd, C:\Program Files\MySQL\MySQL Shell 8.0\bin\, C:\Users\magda\AppData\Local\Programs\Python\Python38-32\Scripts\, C:\Users\magda\AppData\Local\Programs\Python\Python38-32\, C:\Users\magda\AppData\Local\Microsoft\WindowsApps, ., C:\Users\magda\AppData\Local\Programs\Microsoft VS Code\bin, C:\Program Files\IntelliJ IDEA 2020.2.3\bin, ., .]" type="java.lang.RuntimeException"><![CDATA[java.lang.RuntimeException: java.lang.UnsatisfiedLinkError: no opencv_java451 in java.library.path: [C:\Program Files\Java\jdk-11.0.9\bin, C:\WINDOWS\Sun\Java\bin, C:\WINDOWS\system32, C:\WINDOWS, C:\OCaml\bin, C:\Program Files\Common Files\Oracle\Java\javapath, D:\OracleDB\OracleDatabase\bin, C:\Program Files (x86)\Common Files\Oracle\Java\javapath, C:\WINDOWS\system32, C:\WINDOWS, C:\WINDOWS\System32\Wbem, C:\WINDOWS\System32\WindowsPowerShell\v1.0\, C:\WINDOWS\System32\OpenSSH\, C:\Program Files (x86)\AOMEI Backupper, C:\Program Files\Git\cmd, C:\Program Files\MySQL\MySQL Shell 8.0\bin\, C:\Users\magda\AppData\Local\Programs\Python\Python38-32\Scripts\, C:\Users\magda\AppData\Local\Programs\Python\Python38-32\, C:\Users\magda\AppData\Local\Microsoft\WindowsApps, ., C:\Users\magda\AppData\Local\Programs\Microsoft VS Code\bin, C:\Program Files\IntelliJ IDEA 2020.2.3\bin, ., .]
	at ColourTheWorldApp@1.0-SNAPSHOT/pl.magdalena.brejna.colourtheworldapp.models.ProjectModelTest.lambda$showFullViewTest$16(ProjectModelTest.java:234)
]]></error>
    <system-err><![CDATA[--- Exception in Async Thread ---
java.lang.UnsatisfiedLinkError: no opencv_java451 in java.library.path: [C:\Program Files\Java\jdk-11.0.9\bin, C:\WINDOWS\Sun\Java\bin, C:\WINDOWS\system32, C:\WINDOWS, C:\OCaml\bin, C:\Program Files\Common Files\Oracle\Java\javapath, D:\OracleDB\OracleDatabase\bin, C:\Program Files (x86)\Common Files\Oracle\Java\javapath, C:\WINDOWS\system32, C:\WINDOWS, C:\WINDOWS\System32\Wbem, C:\WINDOWS\System32\WindowsPowerShell\v1.0\, C:\WINDOWS\System32\OpenSSH\, C:\Program Files (x86)\AOMEI Backupper, C:\Program Files\Git\cmd, C:\Program Files\MySQL\MySQL Shell 8.0\bin\, C:\Users\magda\AppData\Local\Programs\Python\Python38-32\Scripts\, C:\Users\magda\AppData\Local\Programs\Python\Python38-32\, C:\Users\magda\AppData\Local\Microsoft\WindowsApps, ., C:\Users\magda\AppData\Local\Programs\Microsoft VS Code\bin, C:\Program Files\IntelliJ IDEA 2020.2.3\bin, ., .]
	java.base/java.lang.ClassLoader.loadLibrary(ClassLoader.java:2660)
	java.base/java.lang.Runtime.loadLibrary0(Runtime.java:827)
	java.base/java.lang.System.loadLibrary(System.java:1871)
	ColourTheWorldApp@1.0-SNAPSHOT/pl.magdalena.brejna.colourtheworldapp.algorithms.EdgeDetection.detectEdges(EdgeDetection.java:32)
	ColourTheWorldApp@1.0-SNAPSHOT/pl.magdalena.brejna.colourtheworldapp.models.ProjectModel.createColouringBook(ProjectModel.java:159)
	ColourTheWorldApp@1.0-SNAPSHOT/pl.magdalena.brejna.colourtheworldapp.models.ProjectModel.getProjectImage(ProjectModel.java:79)
	ColourTheWorldApp@1.0-SNAPSHOT/pl.magdalena.brejna.colourtheworldapp.models.ProjectModel.showFullView(ProjectModel.java:292)
	ColourTheWorldApp@1.0-SNAPSHOT/pl.magdalena.brejna.colourtheworldapp.models.ProjectModelTest.lambda$showFullViewTest$16(ProjectModelTest.java:234)
	javafx.graphics/com.sun.javafx.application.PlatformImpl.lambda$runLater$10(PlatformImpl.java:428)
	java.base/java.security.AccessController.doPrivileged(Native Method)
	javafx.graphics/com.sun.javafx.application.PlatformImpl.lambda$runLater$11(PlatformImpl.java:427)
	javafx.graphics/com.sun.glass.ui.InvokeLaterDispatcher$Future.run(InvokeLaterDispatcher.java:96)
	javafx.graphics/com.sun.glass.ui.win.WinApplication._runLoop(Native Method)
	javafx.graphics/com.sun.glass.ui.win.WinApplication.lambda$runLoop$3(WinApplication.java:174)
	java.base/java.lang.Thread.run(Thread.java:834)

]]></system-err>
  </testcase>
  <testcase name="setDilationValueTest" classname="pl.magdalena.brejna.colourtheworldapp.models.ProjectModelTest" time="0.98"/>
  <testcase name="dilateTest" classname="pl.magdalena.brejna.colourtheworldapp.models.ProjectModelTest" time="0.748">
    <error message="java.lang.UnsatisfiedLinkError: no opencv_java451 in java.library.path: [C:\Program Files\Java\jdk-11.0.9\bin, C:\WINDOWS\Sun\Java\bin, C:\WINDOWS\system32, C:\WINDOWS, C:\OCaml\bin, C:\Program Files\Common Files\Oracle\Java\javapath, D:\OracleDB\OracleDatabase\bin, C:\Program Files (x86)\Common Files\Oracle\Java\javapath, C:\WINDOWS\system32, C:\WINDOWS, C:\WINDOWS\System32\Wbem, C:\WINDOWS\System32\WindowsPowerShell\v1.0\, C:\WINDOWS\System32\OpenSSH\, C:\Program Files (x86)\AOMEI Backupper, C:\Program Files\Git\cmd, C:\Program Files\MySQL\MySQL Shell 8.0\bin\, C:\Users\magda\AppData\Local\Programs\Python\Python38-32\Scripts\, C:\Users\magda\AppData\Local\Programs\Python\Python38-32\, C:\Users\magda\AppData\Local\Microsoft\WindowsApps, ., C:\Users\magda\AppData\Local\Programs\Microsoft VS Code\bin, C:\Program Files\IntelliJ IDEA 2020.2.3\bin, ., .]" type="java.lang.RuntimeException"><![CDATA[java.lang.RuntimeException: java.lang.UnsatisfiedLinkError: no opencv_java451 in java.library.path: [C:\Program Files\Java\jdk-11.0.9\bin, C:\WINDOWS\Sun\Java\bin, C:\WINDOWS\system32, C:\WINDOWS, C:\OCaml\bin, C:\Program Files\Common Files\Oracle\Java\javapath, D:\OracleDB\OracleDatabase\bin, C:\Program Files (x86)\Common Files\Oracle\Java\javapath, C:\WINDOWS\system32, C:\WINDOWS, C:\WINDOWS\System32\Wbem, C:\WINDOWS\System32\WindowsPowerShell\v1.0\, C:\WINDOWS\System32\OpenSSH\, C:\Program Files (x86)\AOMEI Backupper, C:\Program Files\Git\cmd, C:\Program Files\MySQL\MySQL Shell 8.0\bin\, C:\Users\magda\AppData\Local\Programs\Python\Python38-32\Scripts\, C:\Users\magda\AppData\Local\Programs\Python\Python38-32\, C:\Users\magda\AppData\Local\Microsoft\WindowsApps, ., C:\Users\magda\AppData\Local\Programs\Microsoft VS Code\bin, C:\Program Files\IntelliJ IDEA 2020.2.3\bin, ., .]
	at ColourTheWorldApp@1.0-SNAPSHOT/pl.magdalena.brejna.colourtheworldapp.models.ProjectModelTest.lambda$dilateTest$13(ProjectModelTest.java:201)
]]></error>
    <system-err><![CDATA[--- Exception in Async Thread ---
java.lang.UnsatisfiedLinkError: no opencv_java451 in java.library.path: [C:\Program Files\Java\jdk-11.0.9\bin, C:\WINDOWS\Sun\Java\bin, C:\WINDOWS\system32, C:\WINDOWS, C:\OCaml\bin, C:\Program Files\Common Files\Oracle\Java\javapath, D:\OracleDB\OracleDatabase\bin, C:\Program Files (x86)\Common Files\Oracle\Java\javapath, C:\WINDOWS\system32, C:\WINDOWS, C:\WINDOWS\System32\Wbem, C:\WINDOWS\System32\WindowsPowerShell\v1.0\, C:\WINDOWS\System32\OpenSSH\, C:\Program Files (x86)\AOMEI Backupper, C:\Program Files\Git\cmd, C:\Program Files\MySQL\MySQL Shell 8.0\bin\, C:\Users\magda\AppData\Local\Programs\Python\Python38-32\Scripts\, C:\Users\magda\AppData\Local\Programs\Python\Python38-32\, C:\Users\magda\AppData\Local\Microsoft\WindowsApps, ., C:\Users\magda\AppData\Local\Programs\Microsoft VS Code\bin, C:\Program Files\IntelliJ IDEA 2020.2.3\bin, ., .]
	java.base/java.lang.ClassLoader.loadLibrary(ClassLoader.java:2660)
	java.base/java.lang.Runtime.loadLibrary0(Runtime.java:827)
	java.base/java.lang.System.loadLibrary(System.java:1871)
	ColourTheWorldApp@1.0-SNAPSHOT/pl.magdalena.brejna.colourtheworldapp.algorithms.EdgeDetection.detectEdges(EdgeDetection.java:32)
	ColourTheWorldApp@1.0-SNAPSHOT/pl.magdalena.brejna.colourtheworldapp.models.ProjectModelTest.lambda$dilateTest$13(ProjectModelTest.java:201)
	javafx.graphics/com.sun.javafx.application.PlatformImpl.lambda$runLater$10(PlatformImpl.java:428)
	java.base/java.security.AccessController.doPrivileged(Native Method)
	javafx.graphics/com.sun.javafx.application.PlatformImpl.lambda$runLater$11(PlatformImpl.java:427)
	javafx.graphics/com.sun.glass.ui.InvokeLaterDispatcher$Future.run(InvokeLaterDispatcher.java:96)
	javafx.graphics/com.sun.glass.ui.win.WinApplication._runLoop(Native Method)
	javafx.graphics/com.sun.glass.ui.win.WinApplication.lambda$runLoop$3(WinApplication.java:174)
	java.base/java.lang.Thread.run(Thread.java:834)

]]></system-err>
  </testcase>
  <testcase name="deleteImageTest" classname="pl.magdalena.brejna.colourtheworldapp.models.ProjectModelTest" time="0.946"/>
  <testcase name="saveActiveProjectTest" classname="pl.magdalena.brejna.colourtheworldapp.models.ProjectModelTest" time="0.963"/>
  <testcase name="loadImageTest" classname="pl.magdalena.brejna.colourtheworldapp.models.ProjectModelTest" time="1.784"/>
  <testcase name="setContrastValueTest" classname="pl.magdalena.brejna.colourtheworldapp.models.ProjectModelTest" time="1.027"/>
  <testcase name="saveColouringBookTest" classname="pl.magdalena.brejna.colourtheworldapp.models.ProjectModelTest" time="1.319"/>
  <testcase name="isSavedTest" classname="pl.magdalena.brejna.colourtheworldapp.models.ProjectModelTest" time="1.041"/>
  <testcase name="loadProjectTest" classname="pl.magdalena.brejna.colourtheworldapp.models.ProjectModelTest" time="0.746"/>
  <testcase name="openFileTest" classname="pl.magdalena.brejna.colourtheworldapp.models.ProjectModelTest" time="0.861"/>
  <testcase name="makeContrastTest" classname="pl.magdalena.brejna.colourtheworldapp.models.ProjectModelTest" time="0.816">
    <error message="java.lang.UnsatisfiedLinkError: no opencv_java451 in java.library.path: [C:\Program Files\Java\jdk-11.0.9\bin, C:\WINDOWS\Sun\Java\bin, C:\WINDOWS\system32, C:\WINDOWS, C:\OCaml\bin, C:\Program Files\Common Files\Oracle\Java\javapath, D:\OracleDB\OracleDatabase\bin, C:\Program Files (x86)\Common Files\Oracle\Java\javapath, C:\WINDOWS\system32, C:\WINDOWS, C:\WINDOWS\System32\Wbem, C:\WINDOWS\System32\WindowsPowerShell\v1.0\, C:\WINDOWS\System32\OpenSSH\, C:\Program Files (x86)\AOMEI Backupper, C:\Program Files\Git\cmd, C:\Program Files\MySQL\MySQL Shell 8.0\bin\, C:\Users\magda\AppData\Local\Programs\Python\Python38-32\Scripts\, C:\Users\magda\AppData\Local\Programs\Python\Python38-32\, C:\Users\magda\AppData\Local\Microsoft\WindowsApps, ., C:\Users\magda\AppData\Local\Programs\Microsoft VS Code\bin, C:\Program Files\IntelliJ IDEA 2020.2.3\bin, ., .]" type="java.lang.RuntimeException"><![CDATA[java.lang.RuntimeException: java.lang.UnsatisfiedLinkError: no opencv_java451 in java.library.path: [C:\Program Files\Java\jdk-11.0.9\bin, C:\WINDOWS\Sun\Java\bin, C:\WINDOWS\system32, C:\WINDOWS, C:\OCaml\bin, C:\Program Files\Common Files\Oracle\Java\javapath, D:\OracleDB\OracleDatabase\bin, C:\Program Files (x86)\Common Files\Oracle\Java\javapath, C:\WINDOWS\system32, C:\WINDOWS, C:\WINDOWS\System32\Wbem, C:\WINDOWS\System32\WindowsPowerShell\v1.0\, C:\WINDOWS\System32\OpenSSH\, C:\Program Files (x86)\AOMEI Backupper, C:\Program Files\Git\cmd, C:\Program Files\MySQL\MySQL Shell 8.0\bin\, C:\Users\magda\AppData\Local\Programs\Python\Python38-32\Scripts\, C:\Users\magda\AppData\Local\Programs\Python\Python38-32\, C:\Users\magda\AppData\Local\Microsoft\WindowsApps, ., C:\Users\magda\AppData\Local\Programs\Microsoft VS Code\bin, C:\Program Files\IntelliJ IDEA 2020.2.3\bin, ., .]
	at ColourTheWorldApp@1.0-SNAPSHOT/pl.magdalena.brejna.colourtheworldapp.models.ProjectModelTest.lambda$makeContrastTest$15(ProjectModelTest.java:222)
	at ColourTheWorldApp@1.0-SNAPSHOT/pl.magdalena.brejna.colourtheworldapp.models.ProjectModelTest.lambda$saveColouringBookTest$9(ProjectModelTest.java:156)
	at ColourTheWorldApp@1.0-SNAPSHOT/pl.magdalena.brejna.colourtheworldapp.models.ProjectModelTest.lambda$loadImageTest$5(ProjectModelTest.java:105)
]]></error>
    <system-err><![CDATA[--- Exception in Async Thread ---
java.lang.UnsatisfiedLinkError: no opencv_java451 in java.library.path: [C:\Program Files\Java\jdk-11.0.9\bin, C:\WINDOWS\Sun\Java\bin, C:\WINDOWS\system32, C:\WINDOWS, C:\OCaml\bin, C:\Program Files\Common Files\Oracle\Java\javapath, D:\OracleDB\OracleDatabase\bin, C:\Program Files (x86)\Common Files\Oracle\Java\javapath, C:\WINDOWS\system32, C:\WINDOWS, C:\WINDOWS\System32\Wbem, C:\WINDOWS\System32\WindowsPowerShell\v1.0\, C:\WINDOWS\System32\OpenSSH\, C:\Program Files (x86)\AOMEI Backupper, C:\Program Files\Git\cmd, C:\Program Files\MySQL\MySQL Shell 8.0\bin\, C:\Users\magda\AppData\Local\Programs\Python\Python38-32\Scripts\, C:\Users\magda\AppData\Local\Programs\Python\Python38-32\, C:\Users\magda\AppData\Local\Microsoft\WindowsApps, ., C:\Users\magda\AppData\Local\Programs\Microsoft VS Code\bin, C:\Program Files\IntelliJ IDEA 2020.2.3\bin, ., .]
	java.base/java.lang.ClassLoader.loadLibrary(ClassLoader.java:2660)
	java.base/java.lang.Runtime.loadLibrary0(Runtime.java:827)
	java.base/java.lang.System.loadLibrary(System.java:1871)
	ColourTheWorldApp@1.0-SNAPSHOT/pl.magdalena.brejna.colourtheworldapp.algorithms.EdgeDetection.detectEdges(EdgeDetection.java:32)
	ColourTheWorldApp@1.0-SNAPSHOT/pl.magdalena.brejna.colourtheworldapp.models.ProjectModelTest.lambda$makeContrastTest$15(ProjectModelTest.java:222)
	javafx.graphics/com.sun.javafx.application.PlatformImpl.lambda$runLater$10(PlatformImpl.java:428)
	java.base/java.security.AccessController.doPrivileged(Native Method)
	javafx.graphics/com.sun.javafx.application.PlatformImpl.lambda$runLater$11(PlatformImpl.java:427)
	javafx.graphics/com.sun.glass.ui.InvokeLaterDispatcher$Future.run(InvokeLaterDispatcher.java:96)
	javafx.graphics/com.sun.glass.ui.win.WinCommonDialogs._showFileChooser(Native Method)
	javafx.graphics/com.sun.glass.ui.win.WinCommonDialogs.showFileChooser_impl(WinCommonDialogs.java:56)
	javafx.graphics/com.sun.glass.ui.win.WinApplication.staticCommonDialogs_showFileChooser(WinApplication.java:294)
	javafx.graphics/com.sun.glass.ui.CommonDialogs.showFileChooser(CommonDialogs.java:213)
	javafx.graphics/com.sun.javafx.tk.quantum.QuantumToolkit.showFileChooser(QuantumToolkit.java:1514)
	javafx.graphics/javafx.stage.FileChooser.showDialog(FileChooser.java:413)
	javafx.graphics/javafx.stage.FileChooser.showSaveDialog(FileChooser.java:389)
	ColourTheWorldApp@1.0-SNAPSHOT/pl.magdalena.brejna.colourtheworldapp.models.ProjectModel.saveImage(ProjectModel.java:205)
	ColourTheWorldApp@1.0-SNAPSHOT/pl.magdalena.brejna.colourtheworldapp.models.ProjectModel.saveColouringBook(ProjectModel.java:185)
	ColourTheWorldApp@1.0-SNAPSHOT/pl.magdalena.brejna.colourtheworldapp.models.ProjectModelTest.lambda$saveColouringBookTest$9(ProjectModelTest.java:156)
	javafx.graphics/com.sun.javafx.application.PlatformImpl.lambda$runLater$10(PlatformImpl.java:428)
	java.base/java.security.AccessController.doPrivileged(Native Method)
	javafx.graphics/com.sun.javafx.application.PlatformImpl.lambda$runLater$11(PlatformImpl.java:427)
	javafx.graphics/com.sun.glass.ui.InvokeLaterDispatcher$Future.run(InvokeLaterDispatcher.java:96)
	javafx.graphics/com.sun.glass.ui.win.WinCommonDialogs._showFileChooser(Native Method)
	javafx.graphics/com.sun.glass.ui.win.WinCommonDialogs.showFileChooser_impl(WinCommonDialogs.java:56)
	javafx.graphics/com.sun.glass.ui.win.WinApplication.staticCommonDialogs_showFileChooser(WinApplication.java:294)
	javafx.graphics/com.sun.glass.ui.CommonDialogs.showFileChooser(CommonDialogs.java:213)
	javafx.graphics/com.sun.javafx.tk.quantum.QuantumToolkit.showFileChooser(QuantumToolkit.java:1514)
	javafx.graphics/javafx.stage.FileChooser.showDialog(FileChooser.java:413)
	javafx.graphics/javafx.stage.FileChooser.showOpenDialog(FileChooser.java:348)
	ColourTheWorldApp@1.0-SNAPSHOT/pl.magdalena.brejna.colourtheworldapp.models.ProjectModel.loadImage(ProjectModel.java:96)
	ColourTheWorldApp@1.0-SNAPSHOT/pl.magdalena.brejna.colourtheworldapp.models.ProjectModelTest.lambda$loadImageTest$5(ProjectModelTest.java:105)
	javafx.graphics/com.sun.javafx.application.PlatformImpl.lambda$runLater$10(PlatformImpl.java:428)
	java.base/java.security.AccessController.doPrivileged(Native Method)
	javafx.graphics/com.sun.javafx.application.PlatformImpl.lambda$runLater$11(PlatformImpl.java:427)
	javafx.graphics/com.sun.glass.ui.InvokeLaterDispatcher$Future.run(InvokeLaterDispatcher.java:96)
	javafx.graphics/com.sun.glass.ui.win.WinApplication._runLoop(Native Method)
	javafx.graphics/com.sun.glass.ui.win.WinApplication.lambda$runLoop$3(WinApplication.java:174)
	java.base/java.lang.Thread.run(Thread.java:834)

]]></system-err>
  </testcase>
  <testcase name="closeProjectTest" classname="pl.magdalena.brejna.colourtheworldapp.models.ProjectModelTest" time="0.901"/>
  <testcase name="createColouringBookTest" classname="pl.magdalena.brejna.colourtheworldapp.models.ProjectModelTest" time="0.906">
    <error message="java.lang.UnsatisfiedLinkError: no opencv_java451 in java.library.path: [C:\Program Files\Java\jdk-11.0.9\bin, C:\WINDOWS\Sun\Java\bin, C:\WINDOWS\system32, C:\WINDOWS, C:\OCaml\bin, C:\Program Files\Common Files\Oracle\Java\javapath, D:\OracleDB\OracleDatabase\bin, C:\Program Files (x86)\Common Files\Oracle\Java\javapath, C:\WINDOWS\system32, C:\WINDOWS, C:\WINDOWS\System32\Wbem, C:\WINDOWS\System32\WindowsPowerShell\v1.0\, C:\WINDOWS\System32\OpenSSH\, C:\Program Files (x86)\AOMEI Backupper, C:\Program Files\Git\cmd, C:\Program Files\MySQL\MySQL Shell 8.0\bin\, C:\Users\magda\AppData\Local\Programs\Python\Python38-32\Scripts\, C:\Users\magda\AppData\Local\Programs\Python\Python38-32\, C:\Users\magda\AppData\Local\Microsoft\WindowsApps, ., C:\Users\magda\AppData\Local\Programs\Microsoft VS Code\bin, C:\Program Files\IntelliJ IDEA 2020.2.3\bin, ., .]" type="java.lang.RuntimeException"><![CDATA[java.lang.RuntimeException: java.lang.UnsatisfiedLinkError: no opencv_java451 in java.library.path: [C:\Program Files\Java\jdk-11.0.9\bin, C:\WINDOWS\Sun\Java\bin, C:\WINDOWS\system32, C:\WINDOWS, C:\OCaml\bin, C:\Program Files\Common Files\Oracle\Java\javapath, D:\OracleDB\OracleDatabase\bin, C:\Program Files (x86)\Common Files\Oracle\Java\javapath, C:\WINDOWS\system32, C:\WINDOWS, C:\WINDOWS\System32\Wbem, C:\WINDOWS\System32\WindowsPowerShell\v1.0\, C:\WINDOWS\System32\OpenSSH\, C:\Program Files (x86)\AOMEI Backupper, C:\Program Files\Git\cmd, C:\Program Files\MySQL\MySQL Shell 8.0\bin\, C:\Users\magda\AppData\Local\Programs\Python\Python38-32\Scripts\, C:\Users\magda\AppData\Local\Programs\Python\Python38-32\, C:\Users\magda\AppData\Local\Microsoft\WindowsApps, ., C:\Users\magda\AppData\Local\Programs\Microsoft VS Code\bin, C:\Program Files\IntelliJ IDEA 2020.2.3\bin, ., .]
	at ColourTheWorldApp@1.0-SNAPSHOT/pl.magdalena.brejna.colourtheworldapp.models.ProjectModelTest.lambda$createColouringBookTest$7(ProjectModelTest.java:137)
	at ColourTheWorldApp@1.0-SNAPSHOT/pl.magdalena.brejna.colourtheworldapp.models.ProjectModelTest.lambda$saveColouringBookTest$9(ProjectModelTest.java:156)
	at ColourTheWorldApp@1.0-SNAPSHOT/pl.magdalena.brejna.colourtheworldapp.models.ProjectModelTest.lambda$loadImageTest$5(ProjectModelTest.java:105)
]]></error>
    <system-err><![CDATA[--- Exception in Async Thread ---
java.lang.UnsatisfiedLinkError: no opencv_java451 in java.library.path: [C:\Program Files\Java\jdk-11.0.9\bin, C:\WINDOWS\Sun\Java\bin, C:\WINDOWS\system32, C:\WINDOWS, C:\OCaml\bin, C:\Program Files\Common Files\Oracle\Java\javapath, D:\OracleDB\OracleDatabase\bin, C:\Program Files (x86)\Common Files\Oracle\Java\javapath, C:\WINDOWS\system32, C:\WINDOWS, C:\WINDOWS\System32\Wbem, C:\WINDOWS\System32\WindowsPowerShell\v1.0\, C:\WINDOWS\System32\OpenSSH\, C:\Program Files (x86)\AOMEI Backupper, C:\Program Files\Git\cmd, C:\Program Files\MySQL\MySQL Shell 8.0\bin\, C:\Users\magda\AppData\Local\Programs\Python\Python38-32\Scripts\, C:\Users\magda\AppData\Local\Programs\Python\Python38-32\, C:\Users\magda\AppData\Local\Microsoft\WindowsApps, ., C:\Users\magda\AppData\Local\Programs\Microsoft VS Code\bin, C:\Program Files\IntelliJ IDEA 2020.2.3\bin, ., .]
	java.base/java.lang.ClassLoader.loadLibrary(ClassLoader.java:2660)
	java.base/java.lang.Runtime.loadLibrary0(Runtime.java:827)
	java.base/java.lang.System.loadLibrary(System.java:1871)
	ColourTheWorldApp@1.0-SNAPSHOT/pl.magdalena.brejna.colourtheworldapp.algorithms.EdgeDetection.detectEdges(EdgeDetection.java:32)
	ColourTheWorldApp@1.0-SNAPSHOT/pl.magdalena.brejna.colourtheworldapp.models.ProjectModel.createColouringBook(ProjectModel.java:159)
	ColourTheWorldApp@1.0-SNAPSHOT/pl.magdalena.brejna.colourtheworldapp.models.ProjectModelTest.lambda$createColouringBookTest$7(ProjectModelTest.java:137)
	javafx.graphics/com.sun.javafx.application.PlatformImpl.lambda$runLater$10(PlatformImpl.java:428)
	java.base/java.security.AccessController.doPrivileged(Native Method)
	javafx.graphics/com.sun.javafx.application.PlatformImpl.lambda$runLater$11(PlatformImpl.java:427)
	javafx.graphics/com.sun.glass.ui.InvokeLaterDispatcher$Future.run(InvokeLaterDispatcher.java:96)
	javafx.graphics/com.sun.glass.ui.win.WinCommonDialogs._showFileChooser(Native Method)
	javafx.graphics/com.sun.glass.ui.win.WinCommonDialogs.showFileChooser_impl(WinCommonDialogs.java:56)
	javafx.graphics/com.sun.glass.ui.win.WinApplication.staticCommonDialogs_showFileChooser(WinApplication.java:294)
	javafx.graphics/com.sun.glass.ui.CommonDialogs.showFileChooser(CommonDialogs.java:213)
	javafx.graphics/com.sun.javafx.tk.quantum.QuantumToolkit.showFileChooser(QuantumToolkit.java:1514)
	javafx.graphics/javafx.stage.FileChooser.showDialog(FileChooser.java:413)
	javafx.graphics/javafx.stage.FileChooser.showSaveDialog(FileChooser.java:389)
	ColourTheWorldApp@1.0-SNAPSHOT/pl.magdalena.brejna.colourtheworldapp.models.ProjectModel.saveImage(ProjectModel.java:205)
	ColourTheWorldApp@1.0-SNAPSHOT/pl.magdalena.brejna.colourtheworldapp.models.ProjectModel.saveColouringBook(ProjectModel.java:185)
	ColourTheWorldApp@1.0-SNAPSHOT/pl.magdalena.brejna.colourtheworldapp.models.ProjectModelTest.lambda$saveColouringBookTest$9(ProjectModelTest.java:156)
	javafx.graphics/com.sun.javafx.application.PlatformImpl.lambda$runLater$10(PlatformImpl.java:428)
	java.base/java.security.AccessController.doPrivileged(Native Method)
	javafx.graphics/com.sun.javafx.application.PlatformImpl.lambda$runLater$11(PlatformImpl.java:427)
	javafx.graphics/com.sun.glass.ui.InvokeLaterDispatcher$Future.run(InvokeLaterDispatcher.java:96)
	javafx.graphics/com.sun.glass.ui.win.WinCommonDialogs._showFileChooser(Native Method)
	javafx.graphics/com.sun.glass.ui.win.WinCommonDialogs.showFileChooser_impl(WinCommonDialogs.java:56)
	javafx.graphics/com.sun.glass.ui.win.WinApplication.staticCommonDialogs_showFileChooser(WinApplication.java:294)
	javafx.graphics/com.sun.glass.ui.CommonDialogs.showFileChooser(CommonDialogs.java:213)
	javafx.graphics/com.sun.javafx.tk.quantum.QuantumToolkit.showFileChooser(QuantumToolkit.java:1514)
	javafx.graphics/javafx.stage.FileChooser.showDialog(FileChooser.java:413)
	javafx.graphics/javafx.stage.FileChooser.showOpenDialog(FileChooser.java:348)
	ColourTheWorldApp@1.0-SNAPSHOT/pl.magdalena.brejna.colourtheworldapp.models.ProjectModel.loadImage(ProjectModel.java:96)
	ColourTheWorldApp@1.0-SNAPSHOT/pl.magdalena.brejna.colourtheworldapp.models.ProjectModelTest.lambda$loadImageTest$5(ProjectModelTest.java:105)
	javafx.graphics/com.sun.javafx.application.PlatformImpl.lambda$runLater$10(PlatformImpl.java:428)
	java.base/java.security.AccessController.doPrivileged(Native Method)
	javafx.graphics/com.sun.javafx.application.PlatformImpl.lambda$runLater$11(PlatformImpl.java:427)
	javafx.graphics/com.sun.glass.ui.InvokeLaterDispatcher$Future.run(InvokeLaterDispatcher.java:96)
	javafx.graphics/com.sun.glass.ui.win.WinApplication._runLoop(Native Method)
	javafx.graphics/com.sun.glass.ui.win.WinApplication.lambda$runLoop$3(WinApplication.java:174)
	java.base/java.lang.Thread.run(Thread.java:834)

]]></system-err>
  </testcase>
  <testcase name="updateProjectListTest" classname="pl.magdalena.brejna.colourtheworldapp.models.ProjectModelTest" time="0.93"/>
</testsuite>