<?xml version="1.0" encoding="UTF-8"?>
<testsuite xmlns:xsi="http://www.w3.org/2001/XMLSchema-instance" xsi:noNamespaceSchemaLocation="https://maven.apache.org/surefire/maven-surefire-plugin/xsd/surefire-test-report-3.0.xsd" version="3.0" name="pl.magdalena.brejna.colourtheworldapp.models.ProjectModelTest" time="18.156" tests="19" errors="5" skipped="0" failures="0">
  <properties>
    <property name="sun.desktop" value="windows"/>
    <property name="awt.toolkit" value="sun.awt.windows.WToolkit"/>
    <property name="java.specification.version" value="11"/>
    <property name="javafx.runtime.version" value="11.0.2+1"/>
    <property name="sun.cpu.isalist" value="amd64"/>
    <property name="sun.jnu.encoding" value="Cp1250"/>
    <property name="java.class.path" value="C:\Moje dokumenty\STUDIA\NAUKA\JAVA\ColourTheWorldApp\target\test-classes;C:\Users\magda\.m2\repository\org\openjfx\javafx-graphics\11.0.2\javafx-graphics-11.0.2.jar;C:\Users\magda\.m2\repository\org\openjfx\javafx-base\11.0.2\javafx-base-11.0.2.jar;C:\Users\magda\.m2\repository\org\openjfx\javafx-controls\11.0.2\javafx-controls-11.0.2.jar;C:\Users\magda\.m2\repository\org\openjfx\javafx-fxml\11.0.2\javafx-fxml-11.0.2.jar;C:\Users\magda\.m2\repository\org\openjfx\javafx-swing\11.0.1\javafx-swing-11.0.1.jar;C:\Users\magda\.m2\repository\com\google\protobuf\protobuf-java\3.11.4\protobuf-java-3.11.4.jar;C:\Users\magda\.m2\repository\junit\junit\4.13-beta-3\junit-4.13-beta-3.jar;C:\Users\magda\.m2\repository\org\hamcrest\hamcrest-core\1.3\hamcrest-core-1.3.jar;C:\Users\magda\.m2\repository\org\testfx\testfx-junit\4.0.15-alpha\testfx-junit-4.0.15-alpha.jar;C:\Users\magda\.m2\repository\org\testfx\testfx-core\4.0.16-alpha\testfx-core-4.0.16-alpha.jar;C:\Users\magda\.m2\repository\org\assertj\assertj-core\3.13.2\assertj-core-3.13.2.jar;"/>
    <property name="java.vm.vendor" value="Oracle Corporation"/>
    <property name="sun.arch.data.model" value="64"/>
    <property name="user.variant" value=""/>
    <property name="java.vendor.url" value="https://openjdk.java.net/"/>
    <property name="user.timezone" value="Europe/Belgrade"/>
    <property name="java.vm.specification.version" value="11"/>
    <property name="os.name" value="Windows 10"/>
    <property name="javafx.version" value="11.0.2"/>
    <property name="sun.java.launcher" value="SUN_STANDARD"/>
    <property name="user.country" value="PL"/>
    <property name="sun.boot.library.path" value="C:\Program Files\Java\jdk-11.0.9\bin"/>
    <property name="sun.java.command" value="org.apache.maven.surefire.booter.ForkedBooter C:\Users\magda\AppData\Local\Temp\surefire16011311090574222734 2021-10-08T10-19-50_287-jvmRun1 surefire15986088040084002151tmp surefire_013898430270594305259tmp"/>
    <property name="jdk.debug" value="release"/>
    <property name="surefire.test.class.path" value="C:\Moje dokumenty\STUDIA\NAUKA\JAVA\ColourTheWorldApp\target\test-classes;C:\Users\magda\.m2\repository\org\openjfx\javafx-graphics\11.0.2\javafx-graphics-11.0.2.jar;C:\Users\magda\.m2\repository\org\openjfx\javafx-base\11.0.2\javafx-base-11.0.2.jar;C:\Users\magda\.m2\repository\org\openjfx\javafx-controls\11.0.2\javafx-controls-11.0.2.jar;C:\Users\magda\.m2\repository\org\openjfx\javafx-fxml\11.0.2\javafx-fxml-11.0.2.jar;C:\Users\magda\.m2\repository\org\openjfx\javafx-swing\11.0.1\javafx-swing-11.0.1.jar;C:\Users\magda\.m2\repository\com\google\protobuf\protobuf-java\3.11.4\protobuf-java-3.11.4.jar;C:\Users\magda\.m2\repository\junit\junit\4.13-beta-3\junit-4.13-beta-3.jar;C:\Users\magda\.m2\repository\org\hamcrest\hamcrest-core\1.3\hamcrest-core-1.3.jar;C:\Users\magda\.m2\repository\org\testfx\testfx-junit\4.0.15-alpha\testfx-junit-4.0.15-alpha.jar;C:\Users\magda\.m2\repository\org\testfx\testfx-core\4.0.16-alpha\testfx-core-4.0.16-alpha.jar;C:\Users\magda\.m2\repository\org\assertj\assertj-core\3.13.2\assertj-core-3.13.2.jar;"/>
    <property name="sun.cpu.endian" value="little"/>
    <property name="user.home" value="C:\Users\magda"/>
    <property name="user.language" value="pl"/>
    <property name="java.specification.vendor" value="Oracle Corporation"/>
    <property name="jdk.module.path" value="C:\Moje dokumenty\STUDIA\NAUKA\JAVA\ColourTheWorldApp\target\classes;C:\Users\magda\.m2\repository\org\openjfx\javafx-graphics\11.0.2\javafx-graphics-11.0.2-win.jar;C:\Users\magda\.m2\repository\org\openjfx\javafx-base\11.0.2\javafx-base-11.0.2-win.jar;C:\Users\magda\.m2\repository\org\openjfx\javafx-controls\11.0.2\javafx-controls-11.0.2-win.jar;C:\Users\magda\.m2\repository\org\openjfx\javafx-fxml\11.0.2\javafx-fxml-11.0.2-win.jar;C:\Users\magda\.m2\repository\org\openjfx\javafx-swing\11.0.1\javafx-swing-11.0.1-win.jar;C:\Users\magda\.m2\repository\org\openpnp\opencv\4.5.1-2\opencv-4.5.1-2.jar;C:\Users\magda\.m2\repository\mysql\mysql-connector-java\8.0.26\mysql-connector-java-8.0.26.jar"/>
    <property name="java.version.date" value="2020-10-20"/>
    <property name="java.home" value="C:\Program Files\Java\jdk-11.0.9"/>
    <property name="file.separator" value="\"/>
    <property name="basedir" value="C:\Moje dokumenty\STUDIA\NAUKA\JAVA\ColourTheWorldApp"/>
    <property name="java.vm.compressedOopsMode" value="32-bit"/>
    <property name="line.separator" value="&#10;"/>
    <property name="java.specification.name" value="Java Platform API Specification"/>
    <property name="java.vm.specification.vendor" value="Oracle Corporation"/>
    <property name="java.awt.graphicsenv" value="sun.awt.Win32GraphicsEnvironment"/>
    <property name="surefire.real.class.path" value="C:\Users\magda\.m2\repository\org\apache\maven\surefire\surefire-booter\3.0.0-M4\surefire-booter-3.0.0-M4.jar;C:\Users\magda\.m2\repository\org\apache\maven\surefire\surefire-api\3.0.0-M4\surefire-api-3.0.0-M4.jar;C:\Users\magda\.m2\repository\org\apache\maven\surefire\surefire-logger-api\3.0.0-M4\surefire-logger-api-3.0.0-M4.jar;C:\Moje dokumenty\STUDIA\NAUKA\JAVA\ColourTheWorldApp\target\test-classes;C:\Users\magda\.m2\repository\org\openjfx\javafx-graphics\11.0.2\javafx-graphics-11.0.2.jar;C:\Users\magda\.m2\repository\org\openjfx\javafx-base\11.0.2\javafx-base-11.0.2.jar;C:\Users\magda\.m2\repository\org\openjfx\javafx-controls\11.0.2\javafx-controls-11.0.2.jar;C:\Users\magda\.m2\repository\org\openjfx\javafx-fxml\11.0.2\javafx-fxml-11.0.2.jar;C:\Users\magda\.m2\repository\org\openjfx\javafx-swing\11.0.1\javafx-swing-11.0.1.jar;C:\Users\magda\.m2\repository\com\google\protobuf\protobuf-java\3.11.4\protobuf-java-3.11.4.jar;C:\Users\magda\.m2\repository\junit\junit\4.13-beta-3\junit-4.13-beta-3.jar;C:\Users\magda\.m2\repository\org\hamcrest\hamcrest-core\1.3\hamcrest-core-1.3.jar;C:\Users\magda\.m2\repository\org\testfx\testfx-junit\4.0.15-alpha\testfx-junit-4.0.15-alpha.jar;C:\Users\magda\.m2\repository\org\testfx\testfx-core\4.0.16-alpha\testfx-core-4.0.16-alpha.jar;C:\Users\magda\.m2\repository\org\assertj\assertj-core\3.13.2\assertj-core-3.13.2.jar;C:\Users\magda\.m2\repository\org\apache\maven\surefire\surefire-junit4\3.0.0-M4\surefire-junit4-3.0.0-M4.jar;C:\Users\magda\.m2\repository\org\apache\maven\surefire\common-java5\3.0.0-M4\common-java5-3.0.0-M4.jar;C:\Users\magda\.m2\repository\org\apache\maven\surefire\common-junit3\3.0.0-M4\common-junit3-3.0.0-M4.jar;C:\Users\magda\.m2\repository\org\apache\maven\surefire\common-junit4\3.0.0-M4\common-junit4-3.0.0-M4.jar"/>
    <property name="user.script" value=""/>
    <property name="sun.management.compiler" value="HotSpot 64-Bit Tiered Compilers"/>
    <property name="java.runtime.version" value="11.0.9+7-LTS"/>
    <property name="user.name" value="magda"/>
    <property name="path.separator" value=";"/>
    <property name="os.version" value="10.0"/>
    <property name="java.runtime.name" value="Java(TM) SE Runtime Environment"/>
    <property name="file.encoding" value="Cp1250"/>
    <property name="java.vm.name" value="Java HotSpot(TM) 64-Bit Server VM"/>
    <property name="java.vendor.version" value="18.9"/>
    <property name="localRepository" value="C:\Users\magda\.m2\repository"/>
    <property name="java.vendor.url.bug" value="https://bugreport.java.com/bugreport/"/>
    <property name="java.io.tmpdir" value="C:\Users\magda\AppData\Local\Temp\"/>
    <property name="idea.version" value="2020.2.4"/>
    <property name="java.version" value="11.0.9"/>
    <property name="user.dir" value="C:\Moje dokumenty\STUDIA\NAUKA\JAVA\ColourTheWorldApp"/>
    <property name="os.arch" value="amd64"/>
    <property name="java.vm.specification.name" value="Java Virtual Machine Specification"/>
    <property name="java.awt.printerjob" value="sun.awt.windows.WPrinterJob"/>
    <property name="sun.os.patch.level" value=""/>
    <property name="java.library.path" value="C:\Program Files\Java\jdk-11.0.9\bin;C:\WINDOWS\Sun\Java\bin;C:\WINDOWS\system32;C:\WINDOWS;C:\OCaml\bin;C:\Program Files\Common Files\Oracle\Java\javapath;D:\OracleDB\OracleDatabase\bin;C:\Program Files (x86)\Common Files\Oracle\Java\javapath;C:\WINDOWS\system32;C:\WINDOWS;C:\WINDOWS\System32\Wbem;C:\WINDOWS\System32\WindowsPowerShell\v1.0\;C:\WINDOWS\System32\OpenSSH\;C:\Program Files (x86)\AOMEI Backupper;C:\Program Files\Git\cmd;C:\Program Files\MySQL\MySQL Shell 8.0\bin\;C:\Users\magda\AppData\Local\Programs\Python\Python38-32\Scripts\;C:\Users\magda\AppData\Local\Programs\Python\Python38-32\;C:\Users\magda\AppData\Local\Microsoft\WindowsApps;;C:\Users\magda\AppData\Local\Programs\Microsoft VS Code\bin;C:\Program Files\IntelliJ IDEA 2020.2.3\bin;;."/>
    <property name="java.vendor" value="Oracle Corporation"/>
    <property name="java.vm.info" value="mixed mode"/>
    <property name="java.vm.version" value="11.0.9+7-LTS"/>
    <property name="sun.io.unicode.encoding" value="UnicodeLittle"/>
    <property name="java.class.version" value="55.0"/>
  </properties>
  <testcase name="getProjectImageTest" classname="pl.magdalena.brejna.colourtheworldapp.models.ProjectModelTest" time="0.565">
    <error message="java.lang.UnsatisfiedLinkError: no opencv_java451 in java.library.path: [C:\Program Files\Java\jdk-11.0.9\bin, C:\WINDOWS\Sun\Java\bin, C:\WINDOWS\system32, C:\WINDOWS, C:\OCaml\bin, C:\Program Files\Common Files\Oracle\Java\javapath, D:\OracleDB\OracleDatabase\bin, C:\Program Files (x86)\Common Files\Oracle\Java\javapath, C:\WINDOWS\system32, C:\WINDOWS, C:\WINDOWS\System32\Wbem, C:\WINDOWS\System32\WindowsPowerShell\v1.0\, C:\WINDOWS\System32\OpenSSH\, C:\Program Files (x86)\AOMEI Backupper, C:\Program Files\Git\cmd, C:\Program Files\MySQL\MySQL Shell 8.0\bin\, C:\Users\magda\AppData\Local\Programs\Python\Python38-32\Scripts\, C:\Users\magda\AppData\Local\Programs\Python\Python38-32\, C:\Users\magda\AppData\Local\Microsoft\WindowsApps, ., C:\Users\magda\AppData\Local\Programs\Microsoft VS Code\bin, C:\Program Files\IntelliJ IDEA 2020.2.3\bin, ., .]" type="java.lang.RuntimeException"><![CDATA[java.lang.RuntimeException: java.lang.UnsatisfiedLinkError: no opencv_java451 in java.library.path: [C:\Program Files\Java\jdk-11.0.9\bin, C:\WINDOWS\Sun\Java\bin, C:\WINDOWS\system32, C:\WINDOWS, C:\OCaml\bin, C:\Program Files\Common Files\Oracle\Java\javapath, D:\OracleDB\OracleDatabase\bin, C:\Program Files (x86)\Common Files\Oracle\Java\javapath, C:\WINDOWS\system32, C:\WINDOWS, C:\WINDOWS\System32\Wbem, C:\WINDOWS\System32\WindowsPowerShell\v1.0\, C:\WINDOWS\System32\OpenSSH\, C:\Program Files (x86)\AOMEI Backupper, C:\Program Files\Git\cmd, C:\Program Files\MySQL\MySQL Shell 8.0\bin\, C:\Users\magda\AppData\Local\Programs\Python\Python38-32\Scripts\, C:\Users\magda\AppData\Local\Programs\Python\Python38-32\, C:\Users\magda\AppData\Local\Microsoft\WindowsApps, ., C:\Users\magda\AppData\Local\Programs\Microsoft VS Code\bin, C:\Program Files\IntelliJ IDEA 2020.2.3\bin, ., .]
	at ColourTheWorldApp@1.0-SNAPSHOT/pl.magdalena.brejna.colourtheworldapp.models.ProjectModelTest.lambda$getProjectImageTest$4(ProjectModelTest.java:97)
]]></error>
    <system-err><![CDATA[--- Exception in Async Thread ---
java.lang.UnsatisfiedLinkError: no opencv_java451 in java.library.path: [C:\Program Files\Java\jdk-11.0.9\bin, C:\WINDOWS\Sun\Java\bin, C:\WINDOWS\system32, C:\WINDOWS, C:\OCaml\bin, C:\Program Files\Common Files\Oracle\Java\javapath, D:\OracleDB\OracleDatabase\bin, C:\Program Files (x86)\Common Files\Oracle\Java\javapath, C:\WINDOWS\system32, C:\WINDOWS, C:\WINDOWS\System32\Wbem, C:\WINDOWS\System32\WindowsPowerShell\v1.0\, C:\WINDOWS\System32\OpenSSH\, C:\Program Files (x86)\AOMEI Backupper, C:\Program Files\Git\cmd, C:\Program Files\MySQL\MySQL Shell 8.0\bin\, C:\Users\magda\AppData\Local\Programs\Python\Python38-32\Scripts\, C:\Users\magda\AppData\Local\Programs\Python\Python38-32\, C:\Users\magda\AppData\Local\Microsoft\WindowsApps, ., C:\Users\magda\AppData\Local\Programs\Microsoft VS Code\bin, C:\Program Files\IntelliJ IDEA 2020.2.3\bin, ., .]
	java.base/java.lang.ClassLoader.loadLibrary(ClassLoader.java:2660)
	java.base/java.lang.Runtime.loadLibrary0(Runtime.java:827)
	java.base/java.lang.System.loadLibrary(System.java:1871)
	ColourTheWorldApp@1.0-SNAPSHOT/pl.magdalena.brejna.colourtheworldapp.algorithms.EdgeDetection.detectEdges(EdgeDetection.java:32)
	ColourTheWorldApp@1.0-SNAPSHOT/pl.magdalena.brejna.colourtheworldapp.models.ProjectModel.createColouringBook(ProjectModel.java:159)
	ColourTheWorldApp@1.0-SNAPSHOT/pl.magdalena.brejna.colourtheworldapp.models.ProjectModel.getProjectImage(ProjectModel.java:79)
	ColourTheWorldApp@1.0-SNAPSHOT/pl.magdalena.brejna.colourtheworldapp.models.ProjectModelTest.lambda$getProjectImageTest$4(ProjectModelTest.java:97)
	javafx.graphics/com.sun.javafx.application.PlatformImpl.lambda$runLater$10(PlatformImpl.java:428)
	java.base/java.security.AccessController.doPrivileged(Native Method)
	javafx.graphics/com.sun.javafx.application.PlatformImpl.lambda$runLater$11(PlatformImpl.java:427)
	javafx.graphics/com.sun.glass.ui.InvokeLaterDispatcher$Future.run(InvokeLaterDispatcher.java:96)
	javafx.graphics/com.sun.glass.ui.win.WinApplication._runLoop(Native Method)
	javafx.graphics/com.sun.glass.ui.win.WinApplication.lambda$runLoop$3(WinApplication.java:174)
	java.base/java.lang.Thread.run(Thread.java:834)

]]></system-err>
  </testcase>
  <testcase name="getActiveProjectTest" classname="pl.magdalena.brejna.colourtheworldapp.models.ProjectModelTest" time="0.932"/>
  <testcase name="getPhotoImageTest" classname="pl.magdalena.brejna.colourtheworldapp.models.ProjectModelTest" time="0.912"/>
  <testcase name="openWrongFileTest" classname="pl.magdalena.brejna.colourtheworldapp.models.ProjectModelTest" time="0.938"/>
  <testcase name="showFullViewTest" classname="pl.magdalena.brejna.colourtheworldapp.models.ProjectModelTest" time="0.826">
    <error message="java.lang.UnsatisfiedLinkError: no opencv_java451 in java.library.path: [C:\Program Files\Java\jdk-11.0.9\bin, C:\WINDOWS\Sun\Java\bin, C:\WINDOWS\system32, C:\WINDOWS, C:\OCaml\bin, C:\Program Files\Common Files\Oracle\Java\javapath, D:\OracleDB\OracleDatabase\bin, C:\Program Files (x86)\Common Files\Oracle\Java\javapath, C:\WINDOWS\system32, C:\WINDOWS, C:\WINDOWS\System32\Wbem, C:\WINDOWS\System32\WindowsPowerShell\v1.0\, C:\WINDOWS\System32\OpenSSH\, C:\Program Files (x86)\AOMEI Backupper, C:\Program Files\Git\cmd, C:\Program Files\MySQL\MySQL Shell 8.0\bin\, C:\Users\magda\AppData\Local\Programs\Python\Python38-32\Scripts\, C:\Users\magda\AppData\Local\Programs\Python\Python38-32\, C:\Users\magda\AppData\Local\Microsoft\WindowsApps, ., C:\Users\magda\AppData\Local\Programs\Microsoft VS Code\bin, C:\Program Files\IntelliJ IDEA 2020.2.3\bin, ., .]" type="java.lang.RuntimeException"><![CDATA[java.lang.RuntimeException: java.lang.UnsatisfiedLinkError: no opencv_java451 in java.library.path: [C:\Program Files\Java\jdk-11.0.9\bin, C:\WINDOWS\Sun\Java\bin, C:\WINDOWS\system32, C:\WINDOWS, C:\OCaml\bin, C:\Program Files\Common Files\Oracle\Java\javapath, D:\OracleDB\OracleDatabase\bin, C:\Program Files (x86)\Common Files\Oracle\Java\javapath, C:\WINDOWS\system32, C:\WINDOWS, C:\WINDOWS\System32\Wbem, C:\WINDOWS\System32\WindowsPowerShell\v1.0\, C:\WINDOWS\System32\OpenSSH\, C:\Program Files (x86)\AOMEI Backupper, C:\Program Files\Git\cmd, C:\Program Files\MySQL\MySQL Shell 8.0\bin\, C:\Users\magda\AppData\Local\Programs\Python\Python38-32\Scripts\, C:\Users\magda\AppData\Local\Programs\Python\Python38-32\, C:\Users\magda\AppData\Local\Microsoft\WindowsApps, ., C:\Users\magda\AppData\Local\Programs\Microsoft VS Code\bin, C:\Program Files\IntelliJ IDEA 2020.2.3\bin, ., .]
	at ColourTheWorldApp@1.0-SNAPSHOT/pl.magdalena.brejna.colourtheworldapp.models.ProjectModelTest.lambda$showFullViewTest$16(ProjectModelTest.java:234)
]]></error>
    <system-err><![CDATA[--- Exception in Async Thread ---
java.lang.UnsatisfiedLinkError: no opencv_java451 in java.library.path: [C:\Program Files\Java\jdk-11.0.9\bin, C:\WINDOWS\Sun\Java\bin, C:\WINDOWS\system32, C:\WINDOWS, C:\OCaml\bin, C:\Program Files\Common Files\Oracle\Java\javapath, D:\OracleDB\OracleDatabase\bin, C:\Program Files (x86)\Common Files\Oracle\Java\javapath, C:\WINDOWS\system32, C:\WINDOWS, C:\WINDOWS\System32\Wbem, C:\WINDOWS\System32\WindowsPowerShell\v1.0\, C:\WINDOWS\System32\OpenSSH\, C:\Program Files (x86)\AOMEI Backupper, C:\Program Files\Git\cmd, C:\Program Files\MySQL\MySQL Shell 8.0\bin\, C:\Users\magda\AppData\Local\Programs\Python\Python38-32\Scripts\, C:\Users\magda\AppData\Local\Programs\Python\Python38-32\, C:\Users\magda\AppData\Local\Microsoft\WindowsApps, ., C:\Users\magda\AppData\Local\Programs\Microsoft VS Code\bin, C:\Program Files\IntelliJ IDEA 2020.2.3\bin, ., .]
	java.base/java.lang.ClassLoader.loadLibrary(ClassLoader.java:2660)
	java.base/java.lang.Runtime.loadLibrary0(Runtime.java:827)
	java.base/java.lang.System.loadLibrary(System.java:1871)
	ColourTheWorldApp@1.0-SNAPSHOT/pl.magdalena.brejna.colourtheworldapp.algorithms.EdgeDetection.detectEdges(EdgeDetection.java:32)
	ColourTheWorldApp@1.0-SNAPSHOT/pl.magdalena.brejna.colourtheworldapp.models.ProjectModel.createColouringBook(ProjectModel.java:159)
	ColourTheWorldApp@1.0-SNAPSHOT/pl.magdalena.brejna.colourtheworldapp.models.ProjectModel.getProjectImage(ProjectModel.java:79)
	ColourTheWorldApp@1.0-SNAPSHOT/pl.magdalena.brejna.colourtheworldapp.models.ProjectModel.showFullView(ProjectModel.java:292)
	ColourTheWorldApp@1.0-SNAPSHOT/pl.magdalena.brejna.colourtheworldapp.models.ProjectModelTest.lambda$showFullViewTest$16(ProjectModelTest.java:234)
	javafx.graphics/com.sun.javafx.application.PlatformImpl.lambda$runLater$10(PlatformImpl.java:428)
	java.base/java.security.AccessController.doPrivileged(Native Method)
	javafx.graphics/com.sun.javafx.application.PlatformImpl.lambda$runLater$11(PlatformImpl.java:427)
	javafx.graphics/com.sun.glass.ui.InvokeLaterDispatcher$Future.run(InvokeLaterDispatcher.java:96)
	javafx.graphics/com.sun.glass.ui.win.WinApplication._runLoop(Native Method)
	javafx.graphics/com.sun.glass.ui.win.WinApplication.lambda$runLoop$3(WinApplication.java:174)
	java.base/java.lang.Thread.run(Thread.java:834)

]]></system-err>
  </testcase>
  <testcase name="setDilationValueTest" classname="pl.magdalena.brejna.colourtheworldapp.models.ProjectModelTest" time="0.98"/>
  <testcase name="dilateTest" classname="pl.magdalena.brejna.colourtheworldapp.models.ProjectModelTest" time="0.748">
    <error message="java.lang.UnsatisfiedLinkError: no opencv_java451 in java.library.path: [C:\Program Files\Java\jdk-11.0.9\bin, C:\WINDOWS\Sun\Java\bin, C:\WINDOWS\system32, C:\WINDOWS, C:\OCaml\bin, C:\Program Files\Common Files\Oracle\Java\javapath, D:\OracleDB\OracleDatabase\bin, C:\Program Files (x86)\Common Files\Oracle\Java\javapath, C:\WINDOWS\system32, C:\WINDOWS, C:\WINDOWS\System32\Wbem, C:\WINDOWS\System32\WindowsPowerShell\v1.0\, C:\WINDOWS\System32\OpenSSH\, C:\Program Files (x86)\AOMEI Backupper, C:\Program Files\Git\cmd, C:\Program Files\MySQL\MySQL Shell 8.0\bin\, C:\Users\magda\AppData\Local\Programs\Python\Python38-32\Scripts\, C:\Users\magda\AppData\Local\Programs\Python\Python38-32\, C:\Users\magda\AppData\Local\Microsoft\WindowsApps, ., C:\Users\magda\AppData\Local\Programs\Microsoft VS Code\bin, C:\Program Files\IntelliJ IDEA 2020.2.3\bin, ., .]" type="java.lang.RuntimeException"><![CDATA[java.lang.RuntimeException: java.lang.UnsatisfiedLinkError: no opencv_java451 in java.library.path: [C:\Program Files\Java\jdk-11.0.9\bin, C:\WINDOWS\Sun\Java\bin, C:\WINDOWS\system32, C:\WINDOWS, C:\OCaml\bin, C:\Program Files\Common Files\Oracle\Java\javapath, D:\OracleDB\OracleDatabase\bin, C:\Program Files (x86)\Common Files\Oracle\Java\javapath, C:\WINDOWS\system32, C:\WINDOWS, C:\WINDOWS\System32\Wbem, C:\WINDOWS\System32\WindowsPowerShell\v1.0\, C:\WINDOWS\System32\OpenSSH\, C:\Program Files (x86)\AOMEI Backupper, C:\Program Files\Git\cmd, C:\Program Files\MySQL\MySQL Shell 8.0\bin\, C:\Users\magda\AppData\Local\Programs\Python\Python38-32\Scripts\, C:\Users\magda\AppData\Local\Programs\Python\Python38-32\, C:\Users\magda\AppData\Local\Microsoft\WindowsApps, ., C:\Users\magda\AppData\Local\Programs\Microsoft VS Code\bin, C:\Program Files\IntelliJ IDEA 2020.2.3\bin, ., .]
	at ColourTheWorldApp@1.0-SNAPSHOT/pl.magdalena.brejna.colourtheworldapp.models.ProjectModelTest.lambda$dilateTest$13(ProjectModelTest.java:201)
]]></error>
    <system-err><![CDATA[--- Exception in Async Thread ---
java.lang.UnsatisfiedLinkError: no opencv_java451 in java.library.path: [C:\Program Files\Java\jdk-11.0.9\bin, C:\WINDOWS\Sun\Java\bin, C:\WINDOWS\system32, C:\WINDOWS, C:\OCaml\bin, C:\Program Files\Common Files\Oracle\Java\javapath, D:\OracleDB\OracleDatabase\bin, C:\Program Files (x86)\Common Files\Oracle\Java\javapath, C:\WINDOWS\system32, C:\WINDOWS, C:\WINDOWS\System32\Wbem, C:\WINDOWS\System32\WindowsPowerShell\v1.0\, C:\WINDOWS\System32\OpenSSH\, C:\Program Files (x86)\AOMEI Backupper, C:\Program Files\Git\cmd, C:\Program Files\MySQL\MySQL Shell 8.0\bin\, C:\Users\magda\AppData\Local\Programs\Python\Python38-32\Scripts\, C:\Users\magda\AppData\Local\Programs\Python\Python38-32\, C:\Users\magda\AppData\Local\Microsoft\WindowsApps, ., C:\Users\magda\AppData\Local\Programs\Microsoft VS Code\bin, C:\Program Files\IntelliJ IDEA 2020.2.3\bin, ., .]
	java.base/java.lang.ClassLoader.loadLibrary(ClassLoader.java:2660)
	java.base/java.lang.Runtime.loadLibrary0(Runtime.java:827)
	java.base/java.lang.System.loadLibrary(System.java:1871)
	ColourTheWorldApp@1.0-SNAPSHOT/pl.magdalena.brejna.colourtheworldapp.algorithms.EdgeDetection.detectEdges(EdgeDetection.java:32)
	ColourTheWorldApp@1.0-SNAPSHOT/pl.magdalena.brejna.colourtheworldapp.models.ProjectModelTest.lambda$dilateTest$13(ProjectModelTest.java:201)
	javafx.graphics/com.sun.javafx.application.PlatformImpl.lambda$runLater$10(PlatformImpl.java:428)
	java.base/java.security.AccessController.doPrivileged(Native Method)
	javafx.graphics/com.sun.javafx.application.PlatformImpl.lambda$runLater$11(PlatformImpl.java:427)
	javafx.graphics/com.sun.glass.ui.InvokeLaterDispatcher$Future.run(InvokeLaterDispatcher.java:96)
	javafx.graphics/com.sun.glass.ui.win.WinApplication._runLoop(Native Method)
	javafx.graphics/com.sun.glass.ui.win.WinApplication.lambda$runLoop$3(WinApplication.java:174)
	java.base/java.lang.Thread.run(Thread.java:834)

]]></system-err>
  </testcase>
  <testcase name="deleteImageTest" classname="pl.magdalena.brejna.colourtheworldapp.models.ProjectModelTest" time="0.946"/>
  <testcase name="saveActiveProjectTest" classname="pl.magdalena.brejna.colourtheworldapp.models.ProjectModelTest" time="0.963"/>
  <testcase name="loadImageTest" classname="pl.magdalena.brejna.colourtheworldapp.models.ProjectModelTest" time="1.784"/>
  <testcase name="setContrastValueTest" classname="pl.magdalena.brejna.colourtheworldapp.models.ProjectModelTest" time="1.027"/>
  <testcase name="saveColouringBookTest" classname="pl.magdalena.brejna.colourtheworldapp.models.ProjectModelTest" time="1.319"/>
  <testcase name="isSavedTest" classname="pl.magdalena.brejna.colourtheworldapp.models.ProjectModelTest" time="1.041"/>
  <testcase name="loadProjectTest" classname="pl.magdalena.brejna.colourtheworldapp.models.ProjectModelTest" time="0.746"/>
  <testcase name="openFileTest" classname="pl.magdalena.brejna.colourtheworldapp.models.ProjectModelTest" time="0.861"/>
  <testcase name="makeContrastTest" classname="pl.magdalena.brejna.colourtheworldapp.models.ProjectModelTest" time="0.816">
    <error message="java.lang.UnsatisfiedLinkError: no opencv_java451 in java.library.path: [C:\Program Files\Java\jdk-11.0.9\bin, C:\WINDOWS\Sun\Java\bin, C:\WINDOWS\system32, C:\WINDOWS, C:\OCaml\bin, C:\Program Files\Common Files\Oracle\Java\javapath, D:\OracleDB\OracleDatabase\bin, C:\Program Files (x86)\Common Files\Oracle\Java\javapath, C:\WINDOWS\system32, C:\WINDOWS, C:\WINDOWS\System32\Wbem, C:\WINDOWS\System32\WindowsPowerShell\v1.0\, C:\WINDOWS\System32\OpenSSH\, C:\Program Files (x86)\AOMEI Backupper, C:\Program Files\Git\cmd, C:\Program Files\MySQL\MySQL Shell 8.0\bin\, C:\Users\magda\AppData\Local\Programs\Python\Python38-32\Scripts\, C:\Users\magda\AppData\Local\Programs\Python\Python38-32\, C:\Users\magda\AppData\Local\Microsoft\WindowsApps, ., C:\Users\magda\AppData\Local\Programs\Microsoft VS Code\bin, C:\Program Files\IntelliJ IDEA 2020.2.3\bin, ., .]" type="java.lang.RuntimeException"><![CDATA[java.lang.RuntimeException: java.lang.UnsatisfiedLinkError: no opencv_java451 in java.library.path: [C:\Program Files\Java\jdk-11.0.9\bin, C:\WINDOWS\Sun\Java\bin, C:\WINDOWS\system32, C:\WINDOWS, C:\OCaml\bin, C:\Program Files\Common Files\Oracle\Java\javapath, D:\OracleDB\OracleDatabase\bin, C:\Program Files (x86)\Common Files\Oracle\Java\javapath, C:\WINDOWS\system32, C:\WINDOWS, C:\WINDOWS\System32\Wbem, C:\WINDOWS\System32\WindowsPowerShell\v1.0\, C:\WINDOWS\System32\OpenSSH\, C:\Program Files (x86)\AOMEI Backupper, C:\Program Files\Git\cmd, C:\Program Files\MySQL\MySQL Shell 8.0\bin\, C:\Users\magda\AppData\Local\Programs\Python\Python38-32\Scripts\, C:\Users\magda\AppData\Local\Programs\Python\Python38-32\, C:\Users\magda\AppData\Local\Microsoft\WindowsApps, ., C:\Users\magda\AppData\Local\Programs\Microsoft VS Code\bin, C:\Program Files\IntelliJ IDEA 2020.2.3\bin, ., .]
	at ColourTheWorldApp@1.0-SNAPSHOT/pl.magdalena.brejna.colourtheworldapp.models.ProjectModelTest.lambda$makeContrastTest$15(ProjectModelTest.java:222)
	at ColourTheWorldApp@1.0-SNAPSHOT/pl.magdalena.brejna.colourtheworldapp.models.ProjectModelTest.lambda$saveColouringBookTest$9(ProjectModelTest.java:156)
	at ColourTheWorldApp@1.0-SNAPSHOT/pl.magdalena.brejna.colourtheworldapp.models.ProjectModelTest.lambda$loadImageTest$5(ProjectModelTest.java:105)
]]></error>
    <system-err><![CDATA[--- Exception in Async Thread ---
java.lang.UnsatisfiedLinkError: no opencv_java451 in java.library.path: [C:\Program Files\Java\jdk-11.0.9\bin, C:\WINDOWS\Sun\Java\bin, C:\WINDOWS\system32, C:\WINDOWS, C:\OCaml\bin, C:\Program Files\Common Files\Oracle\Java\javapath, D:\OracleDB\OracleDatabase\bin, C:\Program Files (x86)\Common Files\Oracle\Java\javapath, C:\WINDOWS\system32, C:\WINDOWS, C:\WINDOWS\System32\Wbem, C:\WINDOWS\System32\WindowsPowerShell\v1.0\, C:\WINDOWS\System32\OpenSSH\, C:\Program Files (x86)\AOMEI Backupper, C:\Program Files\Git\cmd, C:\Program Files\MySQL\MySQL Shell 8.0\bin\, C:\Users\magda\AppData\Local\Programs\Python\Python38-32\Scripts\, C:\Users\magda\AppData\Local\Programs\Python\Python38-32\, C:\Users\magda\AppData\Local\Microsoft\WindowsApps, ., C:\Users\magda\AppData\Local\Programs\Microsoft VS Code\bin, C:\Program Files\IntelliJ IDEA 2020.2.3\bin, ., .]
	java.base/java.lang.ClassLoader.loadLibrary(ClassLoader.java:2660)
	java.base/java.lang.Runtime.loadLibrary0(Runtime.java:827)
	java.base/java.lang.System.loadLibrary(System.java:1871)
	ColourTheWorldApp@1.0-SNAPSHOT/pl.magdalena.brejna.colourtheworldapp.algorithms.EdgeDetection.detectEdges(EdgeDetection.java:32)
	ColourTheWorldApp@1.0-SNAPSHOT/pl.magdalena.brejna.colourtheworldapp.models.ProjectModelTest.lambda$makeContrastTest$15(ProjectModelTest.java:222)
	javafx.graphics/com.sun.javafx.application.PlatformImpl.lambda$runLater$10(PlatformImpl.java:428)
	java.base/java.security.AccessController.doPrivileged(Native Method)
	javafx.graphics/com.sun.javafx.application.PlatformImpl.lambda$runLater$11(PlatformImpl.java:427)
	javafx.graphics/com.sun.glass.ui.InvokeLaterDispatcher$Future.run(InvokeLaterDispatcher.java:96)
	javafx.graphics/com.sun.glass.ui.win.WinCommonDialogs._showFileChooser(Native Method)
	javafx.graphics/com.sun.glass.ui.win.WinCommonDialogs.showFileChooser_impl(WinCommonDialogs.java:56)
	javafx.graphics/com.sun.glass.ui.win.WinApplication.staticCommonDialogs_showFileChooser(WinApplication.java:294)
	javafx.graphics/com.sun.glass.ui.CommonDialogs.showFileChooser(CommonDialogs.java:213)
	javafx.graphics/com.sun.javafx.tk.quantum.QuantumToolkit.showFileChooser(QuantumToolkit.java:1514)
	javafx.graphics/javafx.stage.FileChooser.showDialog(FileChooser.java:413)
	javafx.graphics/javafx.stage.FileChooser.showSaveDialog(FileChooser.java:389)
	ColourTheWorldApp@1.0-SNAPSHOT/pl.magdalena.brejna.colourtheworldapp.models.ProjectModel.saveImage(ProjectModel.java:205)
	ColourTheWorldApp@1.0-SNAPSHOT/pl.magdalena.brejna.colourtheworldapp.models.ProjectModel.saveColouringBook(ProjectModel.java:185)
	ColourTheWorldApp@1.0-SNAPSHOT/pl.magdalena.brejna.colourtheworldapp.models.ProjectModelTest.lambda$saveColouringBookTest$9(ProjectModelTest.java:156)
	javafx.graphics/com.sun.javafx.application.PlatformImpl.lambda$runLater$10(PlatformImpl.java:428)
	java.base/java.security.AccessController.doPrivileged(Native Method)
	javafx.graphics/com.sun.javafx.application.PlatformImpl.lambda$runLater$11(PlatformImpl.java:427)
	javafx.graphics/com.sun.glass.ui.InvokeLaterDispatcher$Future.run(InvokeLaterDispatcher.java:96)
	javafx.graphics/com.sun.glass.ui.win.WinCommonDialogs._showFileChooser(Native Method)
	javafx.graphics/com.sun.glass.ui.win.WinCommonDialogs.showFileChooser_impl(WinCommonDialogs.java:56)
	javafx.graphics/com.sun.glass.ui.win.WinApplication.staticCommonDialogs_showFileChooser(WinApplication.java:294)
	javafx.graphics/com.sun.glass.ui.CommonDialogs.showFileChooser(CommonDialogs.java:213)
	javafx.graphics/com.sun.javafx.tk.quantum.QuantumToolkit.showFileChooser(QuantumToolkit.java:1514)
	javafx.graphics/javafx.stage.FileChooser.showDialog(FileChooser.java:413)
	javafx.graphics/javafx.stage.FileChooser.showOpenDialog(FileChooser.java:348)
	ColourTheWorldApp@1.0-SNAPSHOT/pl.magdalena.brejna.colourtheworldapp.models.ProjectModel.loadImage(ProjectModel.java:96)
	ColourTheWorldApp@1.0-SNAPSHOT/pl.magdalena.brejna.colourtheworldapp.models.ProjectModelTest.lambda$loadImageTest$5(ProjectModelTest.java:105)
	javafx.graphics/com.sun.javafx.application.PlatformImpl.lambda$runLater$10(PlatformImpl.java:428)
	java.base/java.security.AccessController.doPrivileged(Native Method)
	javafx.graphics/com.sun.javafx.application.PlatformImpl.lambda$runLater$11(PlatformImpl.java:427)
	javafx.graphics/com.sun.glass.ui.InvokeLaterDispatcher$Future.run(InvokeLaterDispatcher.java:96)
	javafx.graphics/com.sun.glass.ui.win.WinApplication._runLoop(Native Method)
	javafx.graphics/com.sun.glass.ui.win.WinApplication.lambda$runLoop$3(WinApplication.java:174)
	java.base/java.lang.Thread.run(Thread.java:834)

]]></system-err>
  </testcase>
  <testcase name="closeProjectTest" classname="pl.magdalena.brejna.colourtheworldapp.models.ProjectModelTest" time="0.901"/>
  <testcase name="createColouringBookTest" classname="pl.magdalena.brejna.colourtheworldapp.models.ProjectModelTest" time="0.906">
    <error message="java.lang.UnsatisfiedLinkError: no opencv_java451 in java.library.path: [C:\Program Files\Java\jdk-11.0.9\bin, C:\WINDOWS\Sun\Java\bin, C:\WINDOWS\system32, C:\WINDOWS, C:\OCaml\bin, C:\Program Files\Common Files\Oracle\Java\javapath, D:\OracleDB\OracleDatabase\bin, C:\Program Files (x86)\Common Files\Oracle\Java\javapath, C:\WINDOWS\system32, C:\WINDOWS, C:\WINDOWS\System32\Wbem, C:\WINDOWS\System32\WindowsPowerShell\v1.0\, C:\WINDOWS\System32\OpenSSH\, C:\Program Files (x86)\AOMEI Backupper, C:\Program Files\Git\cmd, C:\Program Files\MySQL\MySQL Shell 8.0\bin\, C:\Users\magda\AppData\Local\Programs\Python\Python38-32\Scripts\, C:\Users\magda\AppData\Local\Programs\Python\Python38-32\, C:\Users\magda\AppData\Local\Microsoft\WindowsApps, ., C:\Users\magda\AppData\Local\Programs\Microsoft VS Code\bin, C:\Program Files\IntelliJ IDEA 2020.2.3\bin, ., .]" type="java.lang.RuntimeException"><![CDATA[java.lang.RuntimeException: java.lang.UnsatisfiedLinkError: no opencv_java451 in java.library.path: [C:\Program Files\Java\jdk-11.0.9\bin, C:\WINDOWS\Sun\Java\bin, C:\WINDOWS\system32, C:\WINDOWS, C:\OCaml\bin, C:\Program Files\Common Files\Oracle\Java\javapath, D:\OracleDB\OracleDatabase\bin, C:\Program Files (x86)\Common Files\Oracle\Java\javapath, C:\WINDOWS\system32, C:\WINDOWS, C:\WINDOWS\System32\Wbem, C:\WINDOWS\System32\WindowsPowerShell\v1.0\, C:\WINDOWS\System32\OpenSSH\, C:\Program Files (x86)\AOMEI Backupper, C:\Program Files\Git\cmd, C:\Program Files\MySQL\MySQL Shell 8.0\bin\, C:\Users\magda\AppData\Local\Programs\Python\Python38-32\Scripts\, C:\Users\magda\AppData\Local\Programs\Python\Python38-32\, C:\Users\magda\AppData\Local\Microsoft\WindowsApps, ., C:\Users\magda\AppData\Local\Programs\Microsoft VS Code\bin, C:\Program Files\IntelliJ IDEA 2020.2.3\bin, ., .]
	at ColourTheWorldApp@1.0-SNAPSHOT/pl.magdalena.brejna.colourtheworldapp.models.ProjectModelTest.lambda$createColouringBookTest$7(ProjectModelTest.java:137)
	at ColourTheWorldApp@1.0-SNAPSHOT/pl.magdalena.brejna.colourtheworldapp.models.ProjectModelTest.lambda$saveColouringBookTest$9(ProjectModelTest.java:156)
	at ColourTheWorldApp@1.0-SNAPSHOT/pl.magdalena.brejna.colourtheworldapp.models.ProjectModelTest.lambda$loadImageTest$5(ProjectModelTest.java:105)
]]></error>
    <system-err><![CDATA[--- Exception in Async Thread ---
java.lang.UnsatisfiedLinkError: no opencv_java451 in java.library.path: [C:\Program Files\Java\jdk-11.0.9\bin, C:\WINDOWS\Sun\Java\bin, C:\WINDOWS\system32, C:\WINDOWS, C:\OCaml\bin, C:\Program Files\Common Files\Oracle\Java\javapath, D:\OracleDB\OracleDatabase\bin, C:\Program Files (x86)\Common Files\Oracle\Java\javapath, C:\WINDOWS\system32, C:\WINDOWS, C:\WINDOWS\System32\Wbem, C:\WINDOWS\System32\WindowsPowerShell\v1.0\, C:\WINDOWS\System32\OpenSSH\, C:\Program Files (x86)\AOMEI Backupper, C:\Program Files\Git\cmd, C:\Program Files\MySQL\MySQL Shell 8.0\bin\, C:\Users\magda\AppData\Local\Programs\Python\Python38-32\Scripts\, C:\Users\magda\AppData\Local\Programs\Python\Python38-32\, C:\Users\magda\AppData\Local\Microsoft\WindowsApps, ., C:\Users\magda\AppData\Local\Programs\Microsoft VS Code\bin, C:\Program Files\IntelliJ IDEA 2020.2.3\bin, ., .]
	java.base/java.lang.ClassLoader.loadLibrary(ClassLoader.java:2660)
	java.base/java.lang.Runtime.loadLibrary0(Runtime.java:827)
	java.base/java.lang.System.loadLibrary(System.java:1871)
	ColourTheWorldApp@1.0-SNAPSHOT/pl.magdalena.brejna.colourtheworldapp.algorithms.EdgeDetection.detectEdges(EdgeDetection.java:32)
	ColourTheWorldApp@1.0-SNAPSHOT/pl.magdalena.brejna.colourtheworldapp.models.ProjectModel.createColouringBook(ProjectModel.java:159)
	ColourTheWorldApp@1.0-SNAPSHOT/pl.magdalena.brejna.colourtheworldapp.models.ProjectModelTest.lambda$createColouringBookTest$7(ProjectModelTest.java:137)
	javafx.graphics/com.sun.javafx.application.PlatformImpl.lambda$runLater$10(PlatformImpl.java:428)
	java.base/java.security.AccessController.doPrivileged(Native Method)
	javafx.graphics/com.sun.javafx.application.PlatformImpl.lambda$runLater$11(PlatformImpl.java:427)
	javafx.graphics/com.sun.glass.ui.InvokeLaterDispatcher$Future.run(InvokeLaterDispatcher.java:96)
	javafx.graphics/com.sun.glass.ui.win.WinCommonDialogs._showFileChooser(Native Method)
	javafx.graphics/com.sun.glass.ui.win.WinCommonDialogs.showFileChooser_impl(WinCommonDialogs.java:56)
	javafx.graphics/com.sun.glass.ui.win.WinApplication.staticCommonDialogs_showFileChooser(WinApplication.java:294)
	javafx.graphics/com.sun.glass.ui.CommonDialogs.showFileChooser(CommonDialogs.java:213)
	javafx.graphics/com.sun.javafx.tk.quantum.QuantumToolkit.showFileChooser(QuantumToolkit.java:1514)
	javafx.graphics/javafx.stage.FileChooser.showDialog(FileChooser.java:413)
	javafx.graphics/javafx.stage.FileChooser.showSaveDialog(FileChooser.java:389)
	ColourTheWorldApp@1.0-SNAPSHOT/pl.magdalena.brejna.colourtheworldapp.models.ProjectModel.saveImage(ProjectModel.java:205)
	ColourTheWorldApp@1.0-SNAPSHOT/pl.magdalena.brejna.colourtheworldapp.models.ProjectModel.saveColouringBook(ProjectModel.java:185)
	ColourTheWorldApp@1.0-SNAPSHOT/pl.magdalena.brejna.colourtheworldapp.models.ProjectModelTest.lambda$saveColouringBookTest$9(ProjectModelTest.java:156)
	javafx.graphics/com.sun.javafx.application.PlatformImpl.lambda$runLater$10(PlatformImpl.java:428)
	java.base/java.security.AccessController.doPrivileged(Native Method)
	javafx.graphics/com.sun.javafx.application.PlatformImpl.lambda$runLater$11(PlatformImpl.java:427)
	javafx.graphics/com.sun.glass.ui.InvokeLaterDispatcher$Future.run(InvokeLaterDispatcher.java:96)
	javafx.graphics/com.sun.glass.ui.win.WinCommonDialogs._showFileChooser(Native Method)
	javafx.graphics/com.sun.glass.ui.win.WinCommonDialogs.showFileChooser_impl(WinCommonDialogs.java:56)
	javafx.graphics/com.sun.glass.ui.win.WinApplication.staticCommonDialogs_showFileChooser(WinApplication.java:294)
	javafx.graphics/com.sun.glass.ui.CommonDialogs.showFileChooser(CommonDialogs.java:213)
	javafx.graphics/com.sun.javafx.tk.quantum.QuantumToolkit.showFileChooser(QuantumToolkit.java:1514)
	javafx.graphics/javafx.stage.FileChooser.showDialog(FileChooser.java:413)
	javafx.graphics/javafx.stage.FileChooser.showOpenDialog(FileChooser.java:348)
	ColourTheWorldApp@1.0-SNAPSHOT/pl.magdalena.brejna.colourtheworldapp.models.ProjectModel.loadImage(ProjectModel.java:96)
	ColourTheWorldApp@1.0-SNAPSHOT/pl.magdalena.brejna.colourtheworldapp.models.ProjectModelTest.lambda$loadImageTest$5(ProjectModelTest.java:105)
	javafx.graphics/com.sun.javafx.application.PlatformImpl.lambda$runLater$10(PlatformImpl.java:428)
	java.base/java.security.AccessController.doPrivileged(Native Method)
	javafx.graphics/com.sun.javafx.application.PlatformImpl.lambda$runLater$11(PlatformImpl.java:427)
	javafx.graphics/com.sun.glass.ui.InvokeLaterDispatcher$Future.run(InvokeLaterDispatcher.java:96)
	javafx.graphics/com.sun.glass.ui.win.WinApplication._runLoop(Native Method)
	javafx.graphics/com.sun.glass.ui.win.WinApplication.lambda$runLoop$3(WinApplication.java:174)
	java.base/java.lang.Thread.run(Thread.java:834)

]]></system-err>
  </testcase>
  <testcase name="updateProjectListTest" classname="pl.magdalena.brejna.colourtheworldapp.models.ProjectModelTest" time="0.93"/>
</testsuite>